
srpn:     file format elf64-x86-64


Disassembly of section .init:

0000000000400720 <_init>:
  400720:	48 83 ec 08          	sub    $0x8,%rsp
  400724:	48 8b 05 cd 28 20 00 	mov    0x2028cd(%rip),%rax        # 602ff8 <__gmon_start__>
  40072b:	48 85 c0             	test   %rax,%rax
  40072e:	74 02                	je     400732 <_init+0x12>
  400730:	ff d0                	callq  *%rax
  400732:	48 83 c4 08          	add    $0x8,%rsp
  400736:	c3                   	retq   

Disassembly of section .plt:

0000000000400740 <.plt>:
  400740:	ff 35 c2 28 20 00    	pushq  0x2028c2(%rip)        # 603008 <_GLOBAL_OFFSET_TABLE_+0x8>
  400746:	ff 25 c4 28 20 00    	jmpq   *0x2028c4(%rip)        # 603010 <_GLOBAL_OFFSET_TABLE_+0x10>
  40074c:	0f 1f 40 00          	nopl   0x0(%rax)

0000000000400750 <free@plt>:
  400750:	ff 25 c2 28 20 00    	jmpq   *0x2028c2(%rip)        # 603018 <free@GLIBC_2.2.5>
  400756:	68 00 00 00 00       	pushq  $0x0
  40075b:	e9 e0 ff ff ff       	jmpq   400740 <.plt>

0000000000400760 <strcpy@plt>:
  400760:	ff 25 ba 28 20 00    	jmpq   *0x2028ba(%rip)        # 603020 <strcpy@GLIBC_2.2.5>
  400766:	68 01 00 00 00       	pushq  $0x1
  40076b:	e9 d0 ff ff ff       	jmpq   400740 <.plt>

0000000000400770 <puts@plt>:
  400770:	ff 25 b2 28 20 00    	jmpq   *0x2028b2(%rip)        # 603028 <puts@GLIBC_2.2.5>
  400776:	68 02 00 00 00       	pushq  $0x2
  40077b:	e9 c0 ff ff ff       	jmpq   400740 <.plt>

0000000000400780 <atof@plt>:
  400780:	ff 25 aa 28 20 00    	jmpq   *0x2028aa(%rip)        # 603030 <atof@GLIBC_2.2.5>
  400786:	68 03 00 00 00       	pushq  $0x3
  40078b:	e9 b0 ff ff ff       	jmpq   400740 <.plt>

0000000000400790 <strlen@plt>:
  400790:	ff 25 a2 28 20 00    	jmpq   *0x2028a2(%rip)        # 603038 <strlen@GLIBC_2.2.5>
  400796:	68 04 00 00 00       	pushq  $0x4
  40079b:	e9 a0 ff ff ff       	jmpq   400740 <.plt>

00000000004007a0 <printf@plt>:
  4007a0:	ff 25 9a 28 20 00    	jmpq   *0x20289a(%rip)        # 603040 <printf@GLIBC_2.2.5>
  4007a6:	68 05 00 00 00       	pushq  $0x5
  4007ab:	e9 90 ff ff ff       	jmpq   400740 <.plt>

00000000004007b0 <pow@plt>:
  4007b0:	ff 25 92 28 20 00    	jmpq   *0x202892(%rip)        # 603048 <pow@GLIBC_2.2.5>
  4007b6:	68 06 00 00 00       	pushq  $0x6
  4007bb:	e9 80 ff ff ff       	jmpq   400740 <.plt>

00000000004007c0 <srand@plt>:
  4007c0:	ff 25 8a 28 20 00    	jmpq   *0x20288a(%rip)        # 603050 <srand@GLIBC_2.2.5>
  4007c6:	68 07 00 00 00       	pushq  $0x7
  4007cb:	e9 70 ff ff ff       	jmpq   400740 <.plt>

00000000004007d0 <strcmp@plt>:
  4007d0:	ff 25 82 28 20 00    	jmpq   *0x202882(%rip)        # 603058 <strcmp@GLIBC_2.2.5>
  4007d6:	68 08 00 00 00       	pushq  $0x8
  4007db:	e9 60 ff ff ff       	jmpq   400740 <.plt>

00000000004007e0 <malloc@plt>:
  4007e0:	ff 25 7a 28 20 00    	jmpq   *0x20287a(%rip)        # 603060 <malloc@GLIBC_2.2.5>
  4007e6:	68 09 00 00 00       	pushq  $0x9
  4007eb:	e9 50 ff ff ff       	jmpq   400740 <.plt>

00000000004007f0 <atoi@plt>:
  4007f0:	ff 25 72 28 20 00    	jmpq   *0x202872(%rip)        # 603068 <atoi@GLIBC_2.2.5>
  4007f6:	68 0a 00 00 00       	pushq  $0xa
  4007fb:	e9 40 ff ff ff       	jmpq   400740 <.plt>

0000000000400800 <__isoc99_scanf@plt>:
  400800:	ff 25 6a 28 20 00    	jmpq   *0x20286a(%rip)        # 603070 <__isoc99_scanf@GLIBC_2.7>
  400806:	68 0b 00 00 00       	pushq  $0xb
  40080b:	e9 30 ff ff ff       	jmpq   400740 <.plt>

0000000000400810 <rand@plt>:
  400810:	ff 25 62 28 20 00    	jmpq   *0x202862(%rip)        # 603078 <rand@GLIBC_2.2.5>
  400816:	68 0c 00 00 00       	pushq  $0xc
  40081b:	e9 20 ff ff ff       	jmpq   400740 <.plt>

0000000000400820 <__ctype_b_loc@plt>:
  400820:	ff 25 5a 28 20 00    	jmpq   *0x20285a(%rip)        # 603080 <__ctype_b_loc@GLIBC_2.3>
  400826:	68 0d 00 00 00       	pushq  $0xd
  40082b:	e9 10 ff ff ff       	jmpq   400740 <.plt>

Disassembly of section .text:

0000000000400830 <_start>:
  400830:	31 ed                	xor    %ebp,%ebp
  400832:	49 89 d1             	mov    %rdx,%r9
  400835:	5e                   	pop    %rsi
  400836:	48 89 e2             	mov    %rsp,%rdx
  400839:	48 83 e4 f0          	and    $0xfffffffffffffff0,%rsp
  40083d:	50                   	push   %rax
  40083e:	54                   	push   %rsp
  40083f:	49 c7 c0 90 1d 40 00 	mov    $0x401d90,%r8
  400846:	48 c7 c1 20 1d 40 00 	mov    $0x401d20,%rcx
  40084d:	48 c7 c7 de 1a 40 00 	mov    $0x401ade,%rdi
  400854:	ff 15 96 27 20 00    	callq  *0x202796(%rip)        # 602ff0 <__libc_start_main@GLIBC_2.2.5>
  40085a:	f4                   	hlt    
  40085b:	0f 1f 44 00 00       	nopl   0x0(%rax,%rax,1)

0000000000400860 <deregister_tm_clones>:
  400860:	b8 f0 30 60 00       	mov    $0x6030f0,%eax
  400865:	48 3d f0 30 60 00    	cmp    $0x6030f0,%rax
  40086b:	74 13                	je     400880 <deregister_tm_clones+0x20>
  40086d:	b8 00 00 00 00       	mov    $0x0,%eax
  400872:	48 85 c0             	test   %rax,%rax
  400875:	74 09                	je     400880 <deregister_tm_clones+0x20>
  400877:	bf f0 30 60 00       	mov    $0x6030f0,%edi
  40087c:	ff e0                	jmpq   *%rax
  40087e:	66 90                	xchg   %ax,%ax
  400880:	c3                   	retq   
  400881:	0f 1f 44 00 00       	nopl   0x0(%rax,%rax,1)
  400886:	66 2e 0f 1f 84 00 00 	nopw   %cs:0x0(%rax,%rax,1)
  40088d:	00 00 00 

0000000000400890 <register_tm_clones>:
  400890:	be f0 30 60 00       	mov    $0x6030f0,%esi
  400895:	48 81 ee f0 30 60 00 	sub    $0x6030f0,%rsi
  40089c:	48 c1 fe 03          	sar    $0x3,%rsi
  4008a0:	48 89 f0             	mov    %rsi,%rax
  4008a3:	48 c1 e8 3f          	shr    $0x3f,%rax
  4008a7:	48 01 c6             	add    %rax,%rsi
  4008aa:	48 d1 fe             	sar    %rsi
  4008ad:	74 11                	je     4008c0 <register_tm_clones+0x30>
  4008af:	b8 00 00 00 00       	mov    $0x0,%eax
  4008b4:	48 85 c0             	test   %rax,%rax
  4008b7:	74 07                	je     4008c0 <register_tm_clones+0x30>
  4008b9:	bf f0 30 60 00       	mov    $0x6030f0,%edi
  4008be:	ff e0                	jmpq   *%rax
  4008c0:	c3                   	retq   
  4008c1:	0f 1f 44 00 00       	nopl   0x0(%rax,%rax,1)
  4008c6:	66 2e 0f 1f 84 00 00 	nopw   %cs:0x0(%rax,%rax,1)
  4008cd:	00 00 00 

00000000004008d0 <__do_global_dtors_aux>:
  4008d0:	80 3d 19 28 20 00 00 	cmpb   $0x0,0x202819(%rip)        # 6030f0 <__TMC_END__>
  4008d7:	75 17                	jne    4008f0 <__do_global_dtors_aux+0x20>
  4008d9:	55                   	push   %rbp
  4008da:	48 89 e5             	mov    %rsp,%rbp
  4008dd:	e8 7e ff ff ff       	callq  400860 <deregister_tm_clones>
  4008e2:	c6 05 07 28 20 00 01 	movb   $0x1,0x202807(%rip)        # 6030f0 <__TMC_END__>
  4008e9:	5d                   	pop    %rbp
  4008ea:	c3                   	retq   
  4008eb:	0f 1f 44 00 00       	nopl   0x0(%rax,%rax,1)
  4008f0:	c3                   	retq   
  4008f1:	0f 1f 44 00 00       	nopl   0x0(%rax,%rax,1)
  4008f6:	66 2e 0f 1f 84 00 00 	nopw   %cs:0x0(%rax,%rax,1)
  4008fd:	00 00 00 

0000000000400900 <frame_dummy>:
  400900:	eb 8e                	jmp    400890 <register_tm_clones>

0000000000400902 <is_number>:
  400902:	55                   	push   %rbp
  400903:	48 89 e5             	mov    %rsp,%rbp
  400906:	48 83 ec 20          	sub    $0x20,%rsp
  40090a:	48 89 7d e8          	mov    %rdi,-0x18(%rbp)
  40090e:	c6 45 ff 01          	movb   $0x1,-0x1(%rbp)
  400912:	48 8b 45 e8          	mov    -0x18(%rbp),%rax
  400916:	48 89 c7             	mov    %rax,%rdi
  400919:	e8 72 fe ff ff       	callq  400790 <strlen@plt>
  40091e:	89 45 f0             	mov    %eax,-0x10(%rbp)
  400921:	83 7d f0 01          	cmpl   $0x1,-0x10(%rbp)
  400925:	7e 64                	jle    40098b <is_number+0x89>
  400927:	c7 45 f8 00 00 00 00 	movl   $0x0,-0x8(%rbp)
  40092e:	48 8b 45 e8          	mov    -0x18(%rbp),%rax
  400932:	0f b6 00             	movzbl (%rax),%eax
  400935:	3c 2d                	cmp    $0x2d,%al
  400937:	75 07                	jne    400940 <is_number+0x3e>
  400939:	c7 45 f8 01 00 00 00 	movl   $0x1,-0x8(%rbp)
  400940:	8b 45 f8             	mov    -0x8(%rbp),%eax
  400943:	89 45 f4             	mov    %eax,-0xc(%rbp)
  400946:	eb 39                	jmp    400981 <is_number+0x7f>
  400948:	e8 d3 fe ff ff       	callq  400820 <__ctype_b_loc@plt>
  40094d:	48 8b 00             	mov    (%rax),%rax
  400950:	8b 55 f4             	mov    -0xc(%rbp),%edx
  400953:	48 63 ca             	movslq %edx,%rcx
  400956:	48 8b 55 e8          	mov    -0x18(%rbp),%rdx
  40095a:	48 01 ca             	add    %rcx,%rdx
  40095d:	0f b6 12             	movzbl (%rdx),%edx
  400960:	48 0f be d2          	movsbq %dl,%rdx
  400964:	48 01 d2             	add    %rdx,%rdx
  400967:	48 01 d0             	add    %rdx,%rax
  40096a:	0f b7 00             	movzwl (%rax),%eax
  40096d:	0f b7 c0             	movzwl %ax,%eax
  400970:	25 00 08 00 00       	and    $0x800,%eax
  400975:	85 c0                	test   %eax,%eax
  400977:	75 04                	jne    40097d <is_number+0x7b>
  400979:	c6 45 ff 00          	movb   $0x0,-0x1(%rbp)
  40097d:	83 45 f4 01          	addl   $0x1,-0xc(%rbp)
  400981:	8b 45 f4             	mov    -0xc(%rbp),%eax
  400984:	3b 45 f0             	cmp    -0x10(%rbp),%eax
  400987:	7c bf                	jl     400948 <is_number+0x46>
  400989:	eb 2c                	jmp    4009b7 <is_number+0xb5>
  40098b:	e8 90 fe ff ff       	callq  400820 <__ctype_b_loc@plt>
  400990:	48 8b 10             	mov    (%rax),%rdx
  400993:	48 8b 45 e8          	mov    -0x18(%rbp),%rax
  400997:	0f b6 00             	movzbl (%rax),%eax
  40099a:	48 0f be c0          	movsbq %al,%rax
  40099e:	48 01 c0             	add    %rax,%rax
  4009a1:	48 01 d0             	add    %rdx,%rax
  4009a4:	0f b7 00             	movzwl (%rax),%eax
  4009a7:	0f b7 c0             	movzwl %ax,%eax
  4009aa:	25 00 08 00 00       	and    $0x800,%eax
  4009af:	85 c0                	test   %eax,%eax
  4009b1:	75 04                	jne    4009b7 <is_number+0xb5>
  4009b3:	c6 45 ff 00          	movb   $0x0,-0x1(%rbp)
  4009b7:	0f b6 45 ff          	movzbl -0x1(%rbp),%eax
  4009bb:	c9                   	leaveq 
  4009bc:	c3                   	retq   

00000000004009bd <isOctal>:
  4009bd:	55                   	push   %rbp
  4009be:	48 89 e5             	mov    %rsp,%rbp
  4009c1:	48 83 ec 10          	sub    $0x10,%rsp
  4009c5:	48 89 7d f8          	mov    %rdi,-0x8(%rbp)
  4009c9:	48 8b 45 f8          	mov    -0x8(%rbp),%rax
  4009cd:	48 89 c7             	mov    %rax,%rdi
  4009d0:	e8 bb fd ff ff       	callq  400790 <strlen@plt>
  4009d5:	83 f8 02             	cmp    $0x2,%eax
  4009d8:	7e 33                	jle    400a0d <isOctal+0x50>
  4009da:	48 8b 45 f8          	mov    -0x8(%rbp),%rax
  4009de:	0f b6 00             	movzbl (%rax),%eax
  4009e1:	3c 30                	cmp    $0x30,%al
  4009e3:	75 07                	jne    4009ec <isOctal+0x2f>
  4009e5:	b8 01 00 00 00       	mov    $0x1,%eax
  4009ea:	eb 26                	jmp    400a12 <isOctal+0x55>
  4009ec:	48 8b 45 f8          	mov    -0x8(%rbp),%rax
  4009f0:	0f b6 00             	movzbl (%rax),%eax
  4009f3:	3c 2d                	cmp    $0x2d,%al
  4009f5:	75 16                	jne    400a0d <isOctal+0x50>
  4009f7:	48 8b 45 f8          	mov    -0x8(%rbp),%rax
  4009fb:	48 83 c0 01          	add    $0x1,%rax
  4009ff:	0f b6 00             	movzbl (%rax),%eax
  400a02:	3c 30                	cmp    $0x30,%al
  400a04:	75 07                	jne    400a0d <isOctal+0x50>
  400a06:	b8 01 00 00 00       	mov    $0x1,%eax
  400a0b:	eb 05                	jmp    400a12 <isOctal+0x55>
  400a0d:	b8 00 00 00 00       	mov    $0x0,%eax
  400a12:	c9                   	leaveq 
  400a13:	c3                   	retq   

0000000000400a14 <isValidOctal>:
  400a14:	55                   	push   %rbp
  400a15:	48 89 e5             	mov    %rsp,%rbp
  400a18:	48 83 ec 20          	sub    $0x20,%rsp
  400a1c:	48 89 7d e8          	mov    %rdi,-0x18(%rbp)
  400a20:	48 8b 45 e8          	mov    -0x18(%rbp),%rax
  400a24:	48 89 c7             	mov    %rax,%rdi
  400a27:	e8 64 fd ff ff       	callq  400790 <strlen@plt>
  400a2c:	89 45 f4             	mov    %eax,-0xc(%rbp)
  400a2f:	c7 45 fc 00 00 00 00 	movl   $0x0,-0x4(%rbp)
  400a36:	8b 45 fc             	mov    -0x4(%rbp),%eax
  400a39:	48 63 d0             	movslq %eax,%rdx
  400a3c:	48 8b 45 e8          	mov    -0x18(%rbp),%rax
  400a40:	48 01 d0             	add    %rdx,%rax
  400a43:	0f b6 00             	movzbl (%rax),%eax
  400a46:	3c 2d                	cmp    $0x2d,%al
  400a48:	75 04                	jne    400a4e <isValidOctal+0x3a>
  400a4a:	83 45 fc 01          	addl   $0x1,-0x4(%rbp)
  400a4e:	8b 45 fc             	mov    -0x4(%rbp),%eax
  400a51:	89 45 f8             	mov    %eax,-0x8(%rbp)
  400a54:	eb 3a                	jmp    400a90 <isValidOctal+0x7c>
  400a56:	8b 45 f8             	mov    -0x8(%rbp),%eax
  400a59:	48 63 d0             	movslq %eax,%rdx
  400a5c:	48 8b 45 e8          	mov    -0x18(%rbp),%rax
  400a60:	48 01 d0             	add    %rdx,%rax
  400a63:	0f b6 00             	movzbl (%rax),%eax
  400a66:	3c 2f                	cmp    $0x2f,%al
  400a68:	7f 07                	jg     400a71 <isValidOctal+0x5d>
  400a6a:	b8 00 00 00 00       	mov    $0x0,%eax
  400a6f:	eb 2c                	jmp    400a9d <isValidOctal+0x89>
  400a71:	8b 45 f8             	mov    -0x8(%rbp),%eax
  400a74:	48 63 d0             	movslq %eax,%rdx
  400a77:	48 8b 45 e8          	mov    -0x18(%rbp),%rax
  400a7b:	48 01 d0             	add    %rdx,%rax
  400a7e:	0f b6 00             	movzbl (%rax),%eax
  400a81:	3c 37                	cmp    $0x37,%al
  400a83:	7e 07                	jle    400a8c <isValidOctal+0x78>
  400a85:	b8 00 00 00 00       	mov    $0x0,%eax
  400a8a:	eb 11                	jmp    400a9d <isValidOctal+0x89>
  400a8c:	83 45 f8 01          	addl   $0x1,-0x8(%rbp)
  400a90:	8b 45 f8             	mov    -0x8(%rbp),%eax
  400a93:	3b 45 f4             	cmp    -0xc(%rbp),%eax
  400a96:	7c be                	jl     400a56 <isValidOctal+0x42>
  400a98:	b8 01 00 00 00       	mov    $0x1,%eax
  400a9d:	c9                   	leaveq 
  400a9e:	c3                   	retq   

0000000000400a9f <is_operator_char>:
  400a9f:	55                   	push   %rbp
  400aa0:	48 89 e5             	mov    %rsp,%rbp
  400aa3:	48 83 ec 20          	sub    $0x20,%rsp
  400aa7:	89 f8                	mov    %edi,%eax
  400aa9:	88 45 ec             	mov    %al,-0x14(%rbp)
  400aac:	0f b6 45 ec          	movzbl -0x14(%rbp),%eax
  400ab0:	88 45 fe             	mov    %al,-0x2(%rbp)
  400ab3:	c6 45 ff 00          	movb   $0x0,-0x1(%rbp)
  400ab7:	48 8d 45 fe          	lea    -0x2(%rbp),%rax
  400abb:	48 89 c7             	mov    %rax,%rdi
  400abe:	e8 02 00 00 00       	callq  400ac5 <is_operator>
  400ac3:	c9                   	leaveq 
  400ac4:	c3                   	retq   

0000000000400ac5 <is_operator>:
  400ac5:	55                   	push   %rbp
  400ac6:	48 89 e5             	mov    %rsp,%rbp
  400ac9:	48 83 ec 20          	sub    $0x20,%rsp
  400acd:	48 89 7d e8          	mov    %rdi,-0x18(%rbp)
  400ad1:	48 8b 45 e8          	mov    -0x18(%rbp),%rax
  400ad5:	be c0 1d 40 00       	mov    $0x401dc0,%esi
  400ada:	48 89 c7             	mov    %rax,%rdi
  400add:	e8 ee fc ff ff       	callq  4007d0 <strcmp@plt>
  400ae2:	85 c0                	test   %eax,%eax
  400ae4:	75 07                	jne    400aed <is_operator+0x28>
  400ae6:	b8 01 00 00 00       	mov    $0x1,%eax
  400aeb:	eb 7b                	jmp    400b68 <is_operator+0xa3>
  400aed:	48 8b 45 e8          	mov    -0x18(%rbp),%rax
  400af1:	be c2 1d 40 00       	mov    $0x401dc2,%esi
  400af6:	48 89 c7             	mov    %rax,%rdi
  400af9:	e8 d2 fc ff ff       	callq  4007d0 <strcmp@plt>
  400afe:	85 c0                	test   %eax,%eax
  400b00:	75 07                	jne    400b09 <is_operator+0x44>
  400b02:	b8 01 00 00 00       	mov    $0x1,%eax
  400b07:	eb 5f                	jmp    400b68 <is_operator+0xa3>
  400b09:	48 8b 45 e8          	mov    -0x18(%rbp),%rax
  400b0d:	be c4 1d 40 00       	mov    $0x401dc4,%esi
  400b12:	48 89 c7             	mov    %rax,%rdi
  400b15:	e8 b6 fc ff ff       	callq  4007d0 <strcmp@plt>
  400b1a:	85 c0                	test   %eax,%eax
  400b1c:	75 07                	jne    400b25 <is_operator+0x60>
  400b1e:	b8 01 00 00 00       	mov    $0x1,%eax
  400b23:	eb 43                	jmp    400b68 <is_operator+0xa3>
  400b25:	c7 45 fc 00 00 00 00 	movl   $0x0,-0x4(%rbp)
  400b2c:	eb 2b                	jmp    400b59 <is_operator+0x94>
  400b2e:	8b 45 fc             	mov    -0x4(%rbp),%eax
  400b31:	48 98                	cltq   
  400b33:	48 8b 14 c5 c0 30 60 	mov    0x6030c0(,%rax,8),%rdx
  400b3a:	00 
  400b3b:	48 8b 45 e8          	mov    -0x18(%rbp),%rax
  400b3f:	48 89 d6             	mov    %rdx,%rsi
  400b42:	48 89 c7             	mov    %rax,%rdi
  400b45:	e8 86 fc ff ff       	callq  4007d0 <strcmp@plt>
  400b4a:	85 c0                	test   %eax,%eax
  400b4c:	75 07                	jne    400b55 <is_operator+0x90>
  400b4e:	b8 01 00 00 00       	mov    $0x1,%eax
  400b53:	eb 13                	jmp    400b68 <is_operator+0xa3>
  400b55:	83 45 fc 01          	addl   $0x1,-0x4(%rbp)
  400b59:	b8 06 00 00 00       	mov    $0x6,%eax
  400b5e:	39 45 fc             	cmp    %eax,-0x4(%rbp)
  400b61:	7c cb                	jl     400b2e <is_operator+0x69>
  400b63:	b8 00 00 00 00       	mov    $0x0,%eax
  400b68:	c9                   	leaveq 
  400b69:	c3                   	retq   

0000000000400b6a <check_limit>:
  400b6a:	55                   	push   %rbp
  400b6b:	48 89 e5             	mov    %rsp,%rbp
  400b6e:	f2 0f 11 45 f8       	movsd  %xmm0,-0x8(%rbp)
  400b73:	f2 0f 10 45 f8       	movsd  -0x8(%rbp),%xmm0
  400b78:	66 0f 2f 05 c8 12 00 	comisd 0x12c8(%rip),%xmm0        # 401e48 <STACK_LIMIT+0x8c>
  400b7f:	00 
  400b80:	76 0a                	jbe    400b8c <check_limit+0x22>
  400b82:	f2 0f 10 05 be 12 00 	movsd  0x12be(%rip),%xmm0        # 401e48 <STACK_LIMIT+0x8c>
  400b89:	00 
  400b8a:	eb 1e                	jmp    400baa <check_limit+0x40>
  400b8c:	f2 0f 10 05 bc 12 00 	movsd  0x12bc(%rip),%xmm0        # 401e50 <STACK_LIMIT+0x94>
  400b93:	00 
  400b94:	66 0f 2f 45 f8       	comisd -0x8(%rbp),%xmm0
  400b99:	76 0a                	jbe    400ba5 <check_limit+0x3b>
  400b9b:	f2 0f 10 05 ad 12 00 	movsd  0x12ad(%rip),%xmm0        # 401e50 <STACK_LIMIT+0x94>
  400ba2:	00 
  400ba3:	eb 05                	jmp    400baa <check_limit+0x40>
  400ba5:	f2 0f 10 45 f8       	movsd  -0x8(%rbp),%xmm0
  400baa:	5d                   	pop    %rbp
  400bab:	c3                   	retq   

0000000000400bac <convertOctalToDecimal>:
  400bac:	55                   	push   %rbp
  400bad:	48 89 e5             	mov    %rsp,%rbp
  400bb0:	48 83 ec 20          	sub    $0x20,%rsp
  400bb4:	89 7d ec             	mov    %edi,-0x14(%rbp)
  400bb7:	66 0f ef c0          	pxor   %xmm0,%xmm0
  400bbb:	f2 0f 11 45 f8       	movsd  %xmm0,-0x8(%rbp)
  400bc0:	c7 45 f4 00 00 00 00 	movl   $0x0,-0xc(%rbp)
  400bc7:	eb 70                	jmp    400c39 <convertOctalToDecimal+0x8d>
  400bc9:	8b 4d ec             	mov    -0x14(%rbp),%ecx
  400bcc:	ba 67 66 66 66       	mov    $0x66666667,%edx
  400bd1:	89 c8                	mov    %ecx,%eax
  400bd3:	f7 ea                	imul   %edx
  400bd5:	c1 fa 02             	sar    $0x2,%edx
  400bd8:	89 c8                	mov    %ecx,%eax
  400bda:	c1 f8 1f             	sar    $0x1f,%eax
  400bdd:	29 c2                	sub    %eax,%edx
  400bdf:	89 d0                	mov    %edx,%eax
  400be1:	c1 e0 02             	shl    $0x2,%eax
  400be4:	01 d0                	add    %edx,%eax
  400be6:	01 c0                	add    %eax,%eax
  400be8:	29 c1                	sub    %eax,%ecx
  400bea:	89 ca                	mov    %ecx,%edx
  400bec:	f2 0f 2a d2          	cvtsi2sd %edx,%xmm2
  400bf0:	f2 0f 11 55 e0       	movsd  %xmm2,-0x20(%rbp)
  400bf5:	f2 0f 2a 4d f4       	cvtsi2sdl -0xc(%rbp),%xmm1
  400bfa:	f2 0f 10 05 56 12 00 	movsd  0x1256(%rip),%xmm0        # 401e58 <STACK_LIMIT+0x9c>
  400c01:	00 
  400c02:	e8 a9 fb ff ff       	callq  4007b0 <pow@plt>
  400c07:	f2 0f 59 45 e0       	mulsd  -0x20(%rbp),%xmm0
  400c0c:	f2 0f 10 4d f8       	movsd  -0x8(%rbp),%xmm1
  400c11:	f2 0f 58 c1          	addsd  %xmm1,%xmm0
  400c15:	f2 0f 11 45 f8       	movsd  %xmm0,-0x8(%rbp)
  400c1a:	83 45 f4 01          	addl   $0x1,-0xc(%rbp)
  400c1e:	8b 4d ec             	mov    -0x14(%rbp),%ecx
  400c21:	ba 67 66 66 66       	mov    $0x66666667,%edx
  400c26:	89 c8                	mov    %ecx,%eax
  400c28:	f7 ea                	imul   %edx
  400c2a:	c1 fa 02             	sar    $0x2,%edx
  400c2d:	89 c8                	mov    %ecx,%eax
  400c2f:	c1 f8 1f             	sar    $0x1f,%eax
  400c32:	29 c2                	sub    %eax,%edx
  400c34:	89 d0                	mov    %edx,%eax
  400c36:	89 45 ec             	mov    %eax,-0x14(%rbp)
  400c39:	83 7d ec 00          	cmpl   $0x0,-0x14(%rbp)
  400c3d:	75 8a                	jne    400bc9 <convertOctalToDecimal+0x1d>
  400c3f:	c7 45 f4 01 00 00 00 	movl   $0x1,-0xc(%rbp)
  400c46:	f2 0f 10 45 f8       	movsd  -0x8(%rbp),%xmm0
  400c4b:	c9                   	leaveq 
  400c4c:	c3                   	retq   

0000000000400c4d <op_precidence>:
  400c4d:	55                   	push   %rbp
  400c4e:	48 89 e5             	mov    %rsp,%rbp
  400c51:	48 83 ec 20          	sub    $0x20,%rsp
  400c55:	48 89 7d e8          	mov    %rdi,-0x18(%rbp)
  400c59:	c7 45 fc 00 00 00 00 	movl   $0x0,-0x4(%rbp)
  400c60:	eb 29                	jmp    400c8b <op_precidence+0x3e>
  400c62:	8b 45 fc             	mov    -0x4(%rbp),%eax
  400c65:	48 98                	cltq   
  400c67:	48 8b 14 c5 c0 30 60 	mov    0x6030c0(,%rax,8),%rdx
  400c6e:	00 
  400c6f:	48 8b 45 e8          	mov    -0x18(%rbp),%rax
  400c73:	48 89 d6             	mov    %rdx,%rsi
  400c76:	48 89 c7             	mov    %rax,%rdi
  400c79:	e8 52 fb ff ff       	callq  4007d0 <strcmp@plt>
  400c7e:	85 c0                	test   %eax,%eax
  400c80:	75 05                	jne    400c87 <op_precidence+0x3a>
  400c82:	8b 45 fc             	mov    -0x4(%rbp),%eax
  400c85:	eb 13                	jmp    400c9a <op_precidence+0x4d>
  400c87:	83 45 fc 01          	addl   $0x1,-0x4(%rbp)
  400c8b:	b8 06 00 00 00       	mov    $0x6,%eax
  400c90:	39 45 fc             	cmp    %eax,-0x4(%rbp)
  400c93:	7c cd                	jl     400c62 <op_precidence+0x15>
  400c95:	b8 ff ff ff ff       	mov    $0xffffffff,%eax
  400c9a:	c9                   	leaveq 
  400c9b:	c3                   	retq   

0000000000400c9c <processToken>:
  400c9c:	55                   	push   %rbp
  400c9d:	48 89 e5             	mov    %rsp,%rbp
  400ca0:	48 83 ec 10          	sub    $0x10,%rsp
  400ca4:	48 89 7d f8          	mov    %rdi,-0x8(%rbp)
  400ca8:	48 89 75 f0          	mov    %rsi,-0x10(%rbp)
  400cac:	48 8b 45 f8          	mov    -0x8(%rbp),%rax
  400cb0:	48 89 c7             	mov    %rax,%rdi
  400cb3:	e8 4a fc ff ff       	callq  400902 <is_number>
  400cb8:	84 c0                	test   %al,%al
  400cba:	74 15                	je     400cd1 <processToken+0x35>
  400cbc:	48 8b 55 f0          	mov    -0x10(%rbp),%rdx
  400cc0:	48 8b 45 f8          	mov    -0x8(%rbp),%rax
  400cc4:	48 89 d6             	mov    %rdx,%rsi
  400cc7:	48 89 c7             	mov    %rax,%rdi
  400cca:	e8 0e 08 00 00       	callq  4014dd <processCommand>
  400ccf:	eb 38                	jmp    400d09 <processToken+0x6d>
  400cd1:	48 8b 45 f8          	mov    -0x8(%rbp),%rax
  400cd5:	48 89 c7             	mov    %rax,%rdi
  400cd8:	e8 e8 fd ff ff       	callq  400ac5 <is_operator>
  400cdd:	84 c0                	test   %al,%al
  400cdf:	74 15                	je     400cf6 <processToken+0x5a>
  400ce1:	48 8b 55 f0          	mov    -0x10(%rbp),%rdx
  400ce5:	48 8b 45 f8          	mov    -0x8(%rbp),%rax
  400ce9:	48 89 d6             	mov    %rdx,%rsi
  400cec:	48 89 c7             	mov    %rax,%rdi
  400cef:	e8 e9 07 00 00       	callq  4014dd <processCommand>
  400cf4:	eb 13                	jmp    400d09 <processToken+0x6d>
  400cf6:	48 8b 55 f0          	mov    -0x10(%rbp),%rdx
  400cfa:	48 8b 45 f8          	mov    -0x8(%rbp),%rax
  400cfe:	48 89 d6             	mov    %rdx,%rsi
  400d01:	48 89 c7             	mov    %rax,%rdi
  400d04:	e8 03 00 00 00       	callq  400d0c <processLine>
  400d09:	90                   	nop
  400d0a:	c9                   	leaveq 
  400d0b:	c3                   	retq   

0000000000400d0c <processLine>:
  400d0c:	55                   	push   %rbp
  400d0d:	48 89 e5             	mov    %rsp,%rbp
  400d10:	41 57                	push   %r15
  400d12:	41 56                	push   %r14
  400d14:	41 55                	push   %r13
  400d16:	41 54                	push   %r12
  400d18:	53                   	push   %rbx
  400d19:	48 81 ec 08 01 00 00 	sub    $0x108,%rsp
  400d20:	48 89 bd 58 ff ff ff 	mov    %rdi,-0xa8(%rbp)
  400d27:	48 89 b5 50 ff ff ff 	mov    %rsi,-0xb0(%rbp)
  400d2e:	48 89 e0             	mov    %rsp,%rax
  400d31:	49 89 c7             	mov    %rax,%r15
  400d34:	48 8b 85 58 ff ff ff 	mov    -0xa8(%rbp),%rax
  400d3b:	48 89 c7             	mov    %rax,%rdi
  400d3e:	e8 4d fa ff ff       	callq  400790 <strlen@plt>
  400d43:	89 45 a4             	mov    %eax,-0x5c(%rbp)
  400d46:	8b 75 a4             	mov    -0x5c(%rbp),%esi
  400d49:	8b 7d a4             	mov    -0x5c(%rbp),%edi
  400d4c:	48 63 c6             	movslq %esi,%rax
  400d4f:	48 83 e8 01          	sub    $0x1,%rax
  400d53:	48 89 45 98          	mov    %rax,-0x68(%rbp)
  400d57:	48 63 c6             	movslq %esi,%rax
  400d5a:	48 89 85 10 ff ff ff 	mov    %rax,-0xf0(%rbp)
  400d61:	48 c7 85 18 ff ff ff 	movq   $0x0,-0xe8(%rbp)
  400d68:	00 00 00 00 
  400d6c:	4c 63 e6             	movslq %esi,%r12
  400d6f:	48 63 c7             	movslq %edi,%rax
  400d72:	48 83 e8 01          	sub    $0x1,%rax
  400d76:	48 89 45 90          	mov    %rax,-0x70(%rbp)
  400d7a:	48 63 c6             	movslq %esi,%rax
  400d7d:	48 89 85 40 ff ff ff 	mov    %rax,-0xc0(%rbp)
  400d84:	48 c7 85 48 ff ff ff 	movq   $0x0,-0xb8(%rbp)
  400d8b:	00 00 00 00 
  400d8f:	48 63 c7             	movslq %edi,%rax
  400d92:	49 89 c5             	mov    %rax,%r13
  400d95:	41 be 00 00 00 00    	mov    $0x0,%r14d
  400d9b:	4c 8b 85 40 ff ff ff 	mov    -0xc0(%rbp),%r8
  400da2:	4c 8b 8d 48 ff ff ff 	mov    -0xb8(%rbp),%r9
  400da9:	4c 89 ca             	mov    %r9,%rdx
  400dac:	49 0f af d5          	imul   %r13,%rdx
  400db0:	4c 89 c0             	mov    %r8,%rax
  400db3:	49 0f af c6          	imul   %r14,%rax
  400db7:	48 8d 0c 02          	lea    (%rdx,%rax,1),%rcx
  400dbb:	4c 89 c0             	mov    %r8,%rax
  400dbe:	49 f7 e5             	mul    %r13
  400dc1:	48 01 d1             	add    %rdx,%rcx
  400dc4:	48 89 ca             	mov    %rcx,%rdx
  400dc7:	48 63 c6             	movslq %esi,%rax
  400dca:	48 89 85 30 ff ff ff 	mov    %rax,-0xd0(%rbp)
  400dd1:	48 c7 85 38 ff ff ff 	movq   $0x0,-0xc8(%rbp)
  400dd8:	00 00 00 00 
  400ddc:	48 63 c7             	movslq %edi,%rax
  400ddf:	48 89 85 20 ff ff ff 	mov    %rax,-0xe0(%rbp)
  400de6:	48 c7 85 28 ff ff ff 	movq   $0x0,-0xd8(%rbp)
  400ded:	00 00 00 00 
  400df1:	4c 8b 85 30 ff ff ff 	mov    -0xd0(%rbp),%r8
  400df8:	4c 8b 8d 38 ff ff ff 	mov    -0xc8(%rbp),%r9
  400dff:	4c 89 ca             	mov    %r9,%rdx
  400e02:	4c 8b 95 20 ff ff ff 	mov    -0xe0(%rbp),%r10
  400e09:	4c 8b 9d 28 ff ff ff 	mov    -0xd8(%rbp),%r11
  400e10:	49 0f af d2          	imul   %r10,%rdx
  400e14:	4c 89 d8             	mov    %r11,%rax
  400e17:	49 0f af c0          	imul   %r8,%rax
  400e1b:	48 8d 0c 02          	lea    (%rdx,%rax,1),%rcx
  400e1f:	4c 89 c0             	mov    %r8,%rax
  400e22:	49 f7 e2             	mul    %r10
  400e25:	48 01 d1             	add    %rdx,%rcx
  400e28:	48 89 ca             	mov    %rcx,%rdx
  400e2b:	48 63 d6             	movslq %esi,%rdx
  400e2e:	48 63 c7             	movslq %edi,%rax
  400e31:	48 0f af c2          	imul   %rdx,%rax
  400e35:	ba 10 00 00 00       	mov    $0x10,%edx
  400e3a:	48 83 ea 01          	sub    $0x1,%rdx
  400e3e:	48 01 d0             	add    %rdx,%rax
  400e41:	bb 10 00 00 00       	mov    $0x10,%ebx
  400e46:	ba 00 00 00 00       	mov    $0x0,%edx
  400e4b:	48 f7 f3             	div    %rbx
  400e4e:	48 6b c0 10          	imul   $0x10,%rax,%rax
  400e52:	48 29 c4             	sub    %rax,%rsp
  400e55:	48 89 e0             	mov    %rsp,%rax
  400e58:	48 83 c0 00          	add    $0x0,%rax
  400e5c:	48 89 45 88          	mov    %rax,-0x78(%rbp)
  400e60:	c7 45 b8 00 00 00 00 	movl   $0x0,-0x48(%rbp)
  400e67:	8b 45 a4             	mov    -0x5c(%rbp),%eax
  400e6a:	48 63 d0             	movslq %eax,%rdx
  400e6d:	48 83 ea 01          	sub    $0x1,%rdx
  400e71:	48 89 55 80          	mov    %rdx,-0x80(%rbp)
  400e75:	48 63 d0             	movslq %eax,%rdx
  400e78:	48 89 95 00 ff ff ff 	mov    %rdx,-0x100(%rbp)
  400e7f:	48 c7 85 08 ff ff ff 	movq   $0x0,-0xf8(%rbp)
  400e86:	00 00 00 00 
  400e8a:	48 63 d0             	movslq %eax,%rdx
  400e8d:	48 89 95 f0 fe ff ff 	mov    %rdx,-0x110(%rbp)
  400e94:	48 c7 85 f8 fe ff ff 	movq   $0x0,-0x108(%rbp)
  400e9b:	00 00 00 00 
  400e9f:	48 98                	cltq   
  400ea1:	ba 10 00 00 00       	mov    $0x10,%edx
  400ea6:	48 83 ea 01          	sub    $0x1,%rdx
  400eaa:	48 01 d0             	add    %rdx,%rax
  400ead:	bb 10 00 00 00       	mov    $0x10,%ebx
  400eb2:	ba 00 00 00 00       	mov    $0x0,%edx
  400eb7:	48 f7 f3             	div    %rbx
  400eba:	48 6b c0 10          	imul   $0x10,%rax,%rax
  400ebe:	48 29 c4             	sub    %rax,%rsp
  400ec1:	48 89 e0             	mov    %rsp,%rax
  400ec4:	48 83 c0 00          	add    $0x0,%rax
  400ec8:	48 89 85 78 ff ff ff 	mov    %rax,-0x88(%rbp)
  400ecf:	c7 45 bc 00 00 00 00 	movl   $0x0,-0x44(%rbp)
  400ed6:	c7 45 c0 00 00 00 00 	movl   $0x0,-0x40(%rbp)
  400edd:	e9 1b 02 00 00       	jmpq   4010fd <processLine+0x3f1>
  400ee2:	e8 39 f9 ff ff       	callq  400820 <__ctype_b_loc@plt>
  400ee7:	48 8b 00             	mov    (%rax),%rax
  400eea:	8b 55 c0             	mov    -0x40(%rbp),%edx
  400eed:	48 63 ca             	movslq %edx,%rcx
  400ef0:	48 8b 95 58 ff ff ff 	mov    -0xa8(%rbp),%rdx
  400ef7:	48 01 ca             	add    %rcx,%rdx
  400efa:	0f b6 12             	movzbl (%rdx),%edx
  400efd:	48 0f be d2          	movsbq %dl,%rdx
  400f01:	48 01 d2             	add    %rdx,%rdx
  400f04:	48 01 d0             	add    %rdx,%rax
  400f07:	0f b7 00             	movzwl (%rax),%eax
  400f0a:	0f b7 c0             	movzwl %ax,%eax
  400f0d:	25 00 08 00 00       	and    $0x800,%eax
  400f12:	85 c0                	test   %eax,%eax
  400f14:	74 2b                	je     400f41 <processLine+0x235>
  400f16:	8b 45 c0             	mov    -0x40(%rbp),%eax
  400f19:	48 63 d0             	movslq %eax,%rdx
  400f1c:	48 8b 85 58 ff ff ff 	mov    -0xa8(%rbp),%rax
  400f23:	48 01 d0             	add    %rdx,%rax
  400f26:	0f b6 08             	movzbl (%rax),%ecx
  400f29:	48 8b 95 78 ff ff ff 	mov    -0x88(%rbp),%rdx
  400f30:	8b 45 bc             	mov    -0x44(%rbp),%eax
  400f33:	48 98                	cltq   
  400f35:	88 0c 02             	mov    %cl,(%rdx,%rax,1)
  400f38:	83 45 bc 01          	addl   $0x1,-0x44(%rbp)
  400f3c:	e9 b8 01 00 00       	jmpq   4010f9 <processLine+0x3ed>
  400f41:	8b 45 c0             	mov    -0x40(%rbp),%eax
  400f44:	48 63 d0             	movslq %eax,%rdx
  400f47:	48 8b 85 58 ff ff ff 	mov    -0xa8(%rbp),%rax
  400f4e:	48 01 d0             	add    %rdx,%rax
  400f51:	0f b6 00             	movzbl (%rax),%eax
  400f54:	0f be c0             	movsbl %al,%eax
  400f57:	89 c7                	mov    %eax,%edi
  400f59:	e8 41 fb ff ff       	callq  400a9f <is_operator_char>
  400f5e:	84 c0                	test   %al,%al
  400f60:	0f 84 f9 00 00 00    	je     40105f <processLine+0x353>
  400f66:	c6 45 c7 00          	movb   $0x0,-0x39(%rbp)
  400f6a:	8b 45 c0             	mov    -0x40(%rbp),%eax
  400f6d:	48 63 d0             	movslq %eax,%rdx
  400f70:	48 8b 85 58 ff ff ff 	mov    -0xa8(%rbp),%rax
  400f77:	48 01 d0             	add    %rdx,%rax
  400f7a:	0f b6 00             	movzbl (%rax),%eax
  400f7d:	3c 2d                	cmp    $0x2d,%al
  400f7f:	75 30                	jne    400fb1 <processLine+0x2a5>
  400f81:	83 7d bc 00          	cmpl   $0x0,-0x44(%rbp)
  400f85:	75 2a                	jne    400fb1 <processLine+0x2a5>
  400f87:	8b 45 c0             	mov    -0x40(%rbp),%eax
  400f8a:	48 63 d0             	movslq %eax,%rdx
  400f8d:	48 8b 85 58 ff ff ff 	mov    -0xa8(%rbp),%rax
  400f94:	48 01 d0             	add    %rdx,%rax
  400f97:	0f b6 08             	movzbl (%rax),%ecx
  400f9a:	48 8b 95 78 ff ff ff 	mov    -0x88(%rbp),%rdx
  400fa1:	8b 45 bc             	mov    -0x44(%rbp),%eax
  400fa4:	48 98                	cltq   
  400fa6:	88 0c 02             	mov    %cl,(%rdx,%rax,1)
  400fa9:	83 45 bc 01          	addl   $0x1,-0x44(%rbp)
  400fad:	c6 45 c7 01          	movb   $0x1,-0x39(%rbp)
  400fb1:	0f b6 45 c7          	movzbl -0x39(%rbp),%eax
  400fb5:	83 f0 01             	xor    $0x1,%eax
  400fb8:	84 c0                	test   %al,%al
  400fba:	0f 84 39 01 00 00    	je     4010f9 <processLine+0x3ed>
  400fc0:	83 7d bc 00          	cmpl   $0x0,-0x44(%rbp)
  400fc4:	7e 4b                	jle    401011 <processLine+0x305>
  400fc6:	48 8b 95 78 ff ff ff 	mov    -0x88(%rbp),%rdx
  400fcd:	8b 45 bc             	mov    -0x44(%rbp),%eax
  400fd0:	48 98                	cltq   
  400fd2:	c6 04 02 00          	movb   $0x0,(%rdx,%rax,1)
  400fd6:	48 8b 85 78 ff ff ff 	mov    -0x88(%rbp),%rax
  400fdd:	8b 55 b8             	mov    -0x48(%rbp),%edx
  400fe0:	48 63 d2             	movslq %edx,%rdx
  400fe3:	48 89 d1             	mov    %rdx,%rcx
  400fe6:	49 0f af cc          	imul   %r12,%rcx
  400fea:	48 8b 55 88          	mov    -0x78(%rbp),%rdx
  400fee:	48 01 ca             	add    %rcx,%rdx
  400ff1:	48 89 c6             	mov    %rax,%rsi
  400ff4:	48 89 d7             	mov    %rdx,%rdi
  400ff7:	e8 64 f7 ff ff       	callq  400760 <strcpy@plt>
  400ffc:	c7 45 bc 00 00 00 00 	movl   $0x0,-0x44(%rbp)
  401003:	48 8b 85 78 ff ff ff 	mov    -0x88(%rbp),%rax
  40100a:	c6 00 00             	movb   $0x0,(%rax)
  40100d:	83 45 b8 01          	addl   $0x1,-0x48(%rbp)
  401011:	8b 45 c0             	mov    -0x40(%rbp),%eax
  401014:	48 63 d0             	movslq %eax,%rdx
  401017:	48 8b 85 58 ff ff ff 	mov    -0xa8(%rbp),%rax
  40101e:	48 01 d0             	add    %rdx,%rax
  401021:	0f b6 00             	movzbl (%rax),%eax
  401024:	88 85 62 ff ff ff    	mov    %al,-0x9e(%rbp)
  40102a:	c6 85 63 ff ff ff 00 	movb   $0x0,-0x9d(%rbp)
  401031:	8b 45 b8             	mov    -0x48(%rbp),%eax
  401034:	48 98                	cltq   
  401036:	49 0f af c4          	imul   %r12,%rax
  40103a:	48 89 c2             	mov    %rax,%rdx
  40103d:	48 8b 45 88          	mov    -0x78(%rbp),%rax
  401041:	48 01 c2             	add    %rax,%rdx
  401044:	48 8d 85 62 ff ff ff 	lea    -0x9e(%rbp),%rax
  40104b:	48 89 c6             	mov    %rax,%rsi
  40104e:	48 89 d7             	mov    %rdx,%rdi
  401051:	e8 0a f7 ff ff       	callq  400760 <strcpy@plt>
  401056:	83 45 b8 01          	addl   $0x1,-0x48(%rbp)
  40105a:	e9 9a 00 00 00       	jmpq   4010f9 <processLine+0x3ed>
  40105f:	83 7d bc 00          	cmpl   $0x0,-0x44(%rbp)
  401063:	7e 4b                	jle    4010b0 <processLine+0x3a4>
  401065:	48 8b 95 78 ff ff ff 	mov    -0x88(%rbp),%rdx
  40106c:	8b 45 bc             	mov    -0x44(%rbp),%eax
  40106f:	48 98                	cltq   
  401071:	c6 04 02 00          	movb   $0x0,(%rdx,%rax,1)
  401075:	48 8b 85 78 ff ff ff 	mov    -0x88(%rbp),%rax
  40107c:	8b 55 b8             	mov    -0x48(%rbp),%edx
  40107f:	48 63 d2             	movslq %edx,%rdx
  401082:	48 89 d1             	mov    %rdx,%rcx
  401085:	49 0f af cc          	imul   %r12,%rcx
  401089:	48 8b 55 88          	mov    -0x78(%rbp),%rdx
  40108d:	48 01 ca             	add    %rcx,%rdx
  401090:	48 89 c6             	mov    %rax,%rsi
  401093:	48 89 d7             	mov    %rdx,%rdi
  401096:	e8 c5 f6 ff ff       	callq  400760 <strcpy@plt>
  40109b:	c7 45 bc 00 00 00 00 	movl   $0x0,-0x44(%rbp)
  4010a2:	48 8b 85 78 ff ff ff 	mov    -0x88(%rbp),%rax
  4010a9:	c6 00 00             	movb   $0x0,(%rax)
  4010ac:	83 45 b8 01          	addl   $0x1,-0x48(%rbp)
  4010b0:	8b 45 c0             	mov    -0x40(%rbp),%eax
  4010b3:	48 63 d0             	movslq %eax,%rdx
  4010b6:	48 8b 85 58 ff ff ff 	mov    -0xa8(%rbp),%rax
  4010bd:	48 01 d0             	add    %rdx,%rax
  4010c0:	0f b6 00             	movzbl (%rax),%eax
  4010c3:	88 85 60 ff ff ff    	mov    %al,-0xa0(%rbp)
  4010c9:	c6 85 61 ff ff ff 00 	movb   $0x0,-0x9f(%rbp)
  4010d0:	8b 45 b8             	mov    -0x48(%rbp),%eax
  4010d3:	48 98                	cltq   
  4010d5:	49 0f af c4          	imul   %r12,%rax
  4010d9:	48 89 c2             	mov    %rax,%rdx
  4010dc:	48 8b 45 88          	mov    -0x78(%rbp),%rax
  4010e0:	48 01 c2             	add    %rax,%rdx
  4010e3:	48 8d 85 60 ff ff ff 	lea    -0xa0(%rbp),%rax
  4010ea:	48 89 c6             	mov    %rax,%rsi
  4010ed:	48 89 d7             	mov    %rdx,%rdi
  4010f0:	e8 6b f6 ff ff       	callq  400760 <strcpy@plt>
  4010f5:	83 45 b8 01          	addl   $0x1,-0x48(%rbp)
  4010f9:	83 45 c0 01          	addl   $0x1,-0x40(%rbp)
  4010fd:	8b 45 c0             	mov    -0x40(%rbp),%eax
  401100:	3b 45 a4             	cmp    -0x5c(%rbp),%eax
  401103:	0f 8c d9 fd ff ff    	jl     400ee2 <processLine+0x1d6>
  401109:	83 7d bc 00          	cmpl   $0x0,-0x44(%rbp)
  40110d:	7e 3a                	jle    401149 <processLine+0x43d>
  40110f:	48 8b 95 78 ff ff ff 	mov    -0x88(%rbp),%rdx
  401116:	8b 45 bc             	mov    -0x44(%rbp),%eax
  401119:	48 98                	cltq   
  40111b:	c6 04 02 00          	movb   $0x0,(%rdx,%rax,1)
  40111f:	48 8b 85 78 ff ff ff 	mov    -0x88(%rbp),%rax
  401126:	8b 55 b8             	mov    -0x48(%rbp),%edx
  401129:	48 63 d2             	movslq %edx,%rdx
  40112c:	48 89 d1             	mov    %rdx,%rcx
  40112f:	49 0f af cc          	imul   %r12,%rcx
  401133:	48 8b 55 88          	mov    -0x78(%rbp),%rdx
  401137:	48 01 ca             	add    %rcx,%rdx
  40113a:	48 89 c6             	mov    %rax,%rsi
  40113d:	48 89 d7             	mov    %rdx,%rdi
  401140:	e8 1b f6 ff ff       	callq  400760 <strcpy@plt>
  401145:	83 45 b8 01          	addl   $0x1,-0x48(%rbp)
  401149:	8b 45 b8             	mov    -0x48(%rbp),%eax
  40114c:	48 89 e2             	mov    %rsp,%rdx
  40114f:	48 89 d3             	mov    %rdx,%rbx
  401152:	48 63 d0             	movslq %eax,%rdx
  401155:	48 83 ea 01          	sub    $0x1,%rdx
  401159:	48 89 95 70 ff ff ff 	mov    %rdx,-0x90(%rbp)
  401160:	48 63 d0             	movslq %eax,%rdx
  401163:	48 89 95 e0 fe ff ff 	mov    %rdx,-0x120(%rbp)
  40116a:	48 c7 85 e8 fe ff ff 	movq   $0x0,-0x118(%rbp)
  401171:	00 00 00 00 
  401175:	48 63 d0             	movslq %eax,%rdx
  401178:	48 89 95 d0 fe ff ff 	mov    %rdx,-0x130(%rbp)
  40117f:	48 c7 85 d8 fe ff ff 	movq   $0x0,-0x128(%rbp)
  401186:	00 00 00 00 
  40118a:	48 98                	cltq   
  40118c:	48 8d 14 c5 00 00 00 	lea    0x0(,%rax,8),%rdx
  401193:	00 
  401194:	b8 10 00 00 00       	mov    $0x10,%eax
  401199:	48 83 e8 01          	sub    $0x1,%rax
  40119d:	48 01 d0             	add    %rdx,%rax
  4011a0:	be 10 00 00 00       	mov    $0x10,%esi
  4011a5:	ba 00 00 00 00       	mov    $0x0,%edx
  4011aa:	48 f7 f6             	div    %rsi
  4011ad:	48 6b c0 10          	imul   $0x10,%rax,%rax
  4011b1:	48 29 c4             	sub    %rax,%rsp
  4011b4:	48 89 e0             	mov    %rsp,%rax
  4011b7:	48 83 c0 07          	add    $0x7,%rax
  4011bb:	48 c1 e8 03          	shr    $0x3,%rax
  4011bf:	48 c1 e0 03          	shl    $0x3,%rax
  4011c3:	48 89 85 68 ff ff ff 	mov    %rax,-0x98(%rbp)
  4011ca:	c7 45 c8 00 00 00 00 	movl   $0x0,-0x38(%rbp)
  4011d1:	c7 45 cc ff ff ff ff 	movl   $0xffffffff,-0x34(%rbp)
  4011d8:	c7 45 b4 00 00 00 00 	movl   $0x0,-0x4c(%rbp)
  4011df:	e9 91 02 00 00       	jmpq   401475 <processLine+0x769>
  4011e4:	8b 45 b4             	mov    -0x4c(%rbp),%eax
  4011e7:	48 98                	cltq   
  4011e9:	49 0f af c4          	imul   %r12,%rax
  4011ed:	48 89 c2             	mov    %rax,%rdx
  4011f0:	48 8b 45 88          	mov    -0x78(%rbp),%rax
  4011f4:	48 01 d0             	add    %rdx,%rax
  4011f7:	48 89 c7             	mov    %rax,%rdi
  4011fa:	e8 03 f7 ff ff       	callq  400902 <is_number>
  4011ff:	84 c0                	test   %al,%al
  401201:	74 2a                	je     40122d <processLine+0x521>
  401203:	8b 45 b4             	mov    -0x4c(%rbp),%eax
  401206:	48 98                	cltq   
  401208:	49 0f af c4          	imul   %r12,%rax
  40120c:	48 89 c2             	mov    %rax,%rdx
  40120f:	48 8b 45 88          	mov    -0x78(%rbp),%rax
  401213:	48 01 c2             	add    %rax,%rdx
  401216:	48 8b 85 50 ff ff ff 	mov    -0xb0(%rbp),%rax
  40121d:	48 89 c6             	mov    %rax,%rsi
  401220:	48 89 d7             	mov    %rdx,%rdi
  401223:	e8 b5 02 00 00       	callq  4014dd <processCommand>
  401228:	e9 44 02 00 00       	jmpq   401471 <processLine+0x765>
  40122d:	8b 45 b4             	mov    -0x4c(%rbp),%eax
  401230:	48 98                	cltq   
  401232:	49 0f af c4          	imul   %r12,%rax
  401236:	48 89 c2             	mov    %rax,%rdx
  401239:	48 8b 45 88          	mov    -0x78(%rbp),%rax
  40123d:	48 01 d0             	add    %rdx,%rax
  401240:	be c2 1d 40 00       	mov    $0x401dc2,%esi
  401245:	48 89 c7             	mov    %rax,%rdi
  401248:	e8 83 f5 ff ff       	callq  4007d0 <strcmp@plt>
  40124d:	85 c0                	test   %eax,%eax
  40124f:	75 69                	jne    4012ba <processLine+0x5ae>
  401251:	8b 45 c8             	mov    -0x38(%rbp),%eax
  401254:	83 e8 01             	sub    $0x1,%eax
  401257:	89 45 b0             	mov    %eax,-0x50(%rbp)
  40125a:	eb 27                	jmp    401283 <processLine+0x577>
  40125c:	48 8b 85 68 ff ff ff 	mov    -0x98(%rbp),%rax
  401263:	8b 55 b0             	mov    -0x50(%rbp),%edx
  401266:	48 63 d2             	movslq %edx,%rdx
  401269:	48 8b 04 d0          	mov    (%rax,%rdx,8),%rax
  40126d:	48 8b 95 50 ff ff ff 	mov    -0xb0(%rbp),%rdx
  401274:	48 89 d6             	mov    %rdx,%rsi
  401277:	48 89 c7             	mov    %rax,%rdi
  40127a:	e8 5e 02 00 00       	callq  4014dd <processCommand>
  40127f:	83 6d b0 01          	subl   $0x1,-0x50(%rbp)
  401283:	83 7d b0 00          	cmpl   $0x0,-0x50(%rbp)
  401287:	79 d3                	jns    40125c <processLine+0x550>
  401289:	c7 45 c8 00 00 00 00 	movl   $0x0,-0x38(%rbp)
  401290:	8b 45 b4             	mov    -0x4c(%rbp),%eax
  401293:	48 98                	cltq   
  401295:	49 0f af c4          	imul   %r12,%rax
  401299:	48 89 c2             	mov    %rax,%rdx
  40129c:	48 8b 45 88          	mov    -0x78(%rbp),%rax
  4012a0:	48 01 c2             	add    %rax,%rdx
  4012a3:	48 8b 85 50 ff ff ff 	mov    -0xb0(%rbp),%rax
  4012aa:	48 89 c6             	mov    %rax,%rsi
  4012ad:	48 89 d7             	mov    %rdx,%rdi
  4012b0:	e8 28 02 00 00       	callq  4014dd <processCommand>
  4012b5:	e9 b7 01 00 00       	jmpq   401471 <processLine+0x765>
  4012ba:	8b 45 b4             	mov    -0x4c(%rbp),%eax
  4012bd:	48 98                	cltq   
  4012bf:	49 0f af c4          	imul   %r12,%rax
  4012c3:	48 89 c2             	mov    %rax,%rdx
  4012c6:	48 8b 45 88          	mov    -0x78(%rbp),%rax
  4012ca:	48 01 d0             	add    %rdx,%rax
  4012cd:	be c0 1d 40 00       	mov    $0x401dc0,%esi
  4012d2:	48 89 c7             	mov    %rax,%rdi
  4012d5:	e8 f6 f4 ff ff       	callq  4007d0 <strcmp@plt>
  4012da:	85 c0                	test   %eax,%eax
  4012dc:	75 2a                	jne    401308 <processLine+0x5fc>
  4012de:	8b 45 b4             	mov    -0x4c(%rbp),%eax
  4012e1:	48 98                	cltq   
  4012e3:	49 0f af c4          	imul   %r12,%rax
  4012e7:	48 89 c2             	mov    %rax,%rdx
  4012ea:	48 8b 45 88          	mov    -0x78(%rbp),%rax
  4012ee:	48 01 c2             	add    %rax,%rdx
  4012f1:	48 8b 85 50 ff ff ff 	mov    -0xb0(%rbp),%rax
  4012f8:	48 89 c6             	mov    %rax,%rsi
  4012fb:	48 89 d7             	mov    %rdx,%rdi
  4012fe:	e8 da 01 00 00       	callq  4014dd <processCommand>
  401303:	e9 69 01 00 00       	jmpq   401471 <processLine+0x765>
  401308:	8b 45 b4             	mov    -0x4c(%rbp),%eax
  40130b:	48 98                	cltq   
  40130d:	49 0f af c4          	imul   %r12,%rax
  401311:	48 89 c2             	mov    %rax,%rdx
  401314:	48 8b 45 88          	mov    -0x78(%rbp),%rax
  401318:	48 01 d0             	add    %rdx,%rax
  40131b:	be c4 1d 40 00       	mov    $0x401dc4,%esi
  401320:	48 89 c7             	mov    %rax,%rdi
  401323:	e8 a8 f4 ff ff       	callq  4007d0 <strcmp@plt>
  401328:	85 c0                	test   %eax,%eax
  40132a:	75 2a                	jne    401356 <processLine+0x64a>
  40132c:	8b 45 b4             	mov    -0x4c(%rbp),%eax
  40132f:	48 98                	cltq   
  401331:	49 0f af c4          	imul   %r12,%rax
  401335:	48 89 c2             	mov    %rax,%rdx
  401338:	48 8b 45 88          	mov    -0x78(%rbp),%rax
  40133c:	48 01 c2             	add    %rax,%rdx
  40133f:	48 8b 85 50 ff ff ff 	mov    -0xb0(%rbp),%rax
  401346:	48 89 c6             	mov    %rax,%rsi
  401349:	48 89 d7             	mov    %rdx,%rdi
  40134c:	e8 8c 01 00 00       	callq  4014dd <processCommand>
  401351:	e9 1b 01 00 00       	jmpq   401471 <processLine+0x765>
  401356:	8b 45 b4             	mov    -0x4c(%rbp),%eax
  401359:	48 98                	cltq   
  40135b:	49 0f af c4          	imul   %r12,%rax
  40135f:	48 89 c2             	mov    %rax,%rdx
  401362:	48 8b 45 88          	mov    -0x78(%rbp),%rax
  401366:	48 01 d0             	add    %rdx,%rax
  401369:	48 89 c7             	mov    %rax,%rdi
  40136c:	e8 54 f7 ff ff       	callq  400ac5 <is_operator>
  401371:	84 c0                	test   %al,%al
  401373:	0f 84 d3 00 00 00    	je     40144c <processLine+0x740>
  401379:	8b 45 b4             	mov    -0x4c(%rbp),%eax
  40137c:	48 98                	cltq   
  40137e:	49 0f af c4          	imul   %r12,%rax
  401382:	48 89 c2             	mov    %rax,%rdx
  401385:	48 8b 45 88          	mov    -0x78(%rbp),%rax
  401389:	48 01 d0             	add    %rdx,%rax
  40138c:	48 89 c7             	mov    %rax,%rdi
  40138f:	e8 b9 f8 ff ff       	callq  400c4d <op_precidence>
  401394:	89 85 64 ff ff ff    	mov    %eax,-0x9c(%rbp)
  40139a:	8b 85 64 ff ff ff    	mov    -0x9c(%rbp),%eax
  4013a0:	3b 45 cc             	cmp    -0x34(%rbp),%eax
  4013a3:	7d 73                	jge    401418 <processLine+0x70c>
  4013a5:	8b 45 c8             	mov    -0x38(%rbp),%eax
  4013a8:	83 e8 01             	sub    $0x1,%eax
  4013ab:	89 45 ac             	mov    %eax,-0x54(%rbp)
  4013ae:	eb 27                	jmp    4013d7 <processLine+0x6cb>
  4013b0:	48 8b 85 68 ff ff ff 	mov    -0x98(%rbp),%rax
  4013b7:	8b 55 ac             	mov    -0x54(%rbp),%edx
  4013ba:	48 63 d2             	movslq %edx,%rdx
  4013bd:	48 8b 04 d0          	mov    (%rax,%rdx,8),%rax
  4013c1:	48 8b 95 50 ff ff ff 	mov    -0xb0(%rbp),%rdx
  4013c8:	48 89 d6             	mov    %rdx,%rsi
  4013cb:	48 89 c7             	mov    %rax,%rdi
  4013ce:	e8 0a 01 00 00       	callq  4014dd <processCommand>
  4013d3:	83 6d ac 01          	subl   $0x1,-0x54(%rbp)
  4013d7:	83 7d ac 00          	cmpl   $0x0,-0x54(%rbp)
  4013db:	79 d3                	jns    4013b0 <processLine+0x6a4>
  4013dd:	c7 45 c8 00 00 00 00 	movl   $0x0,-0x38(%rbp)
  4013e4:	8b 85 64 ff ff ff    	mov    -0x9c(%rbp),%eax
  4013ea:	89 45 cc             	mov    %eax,-0x34(%rbp)
  4013ed:	8b 45 b4             	mov    -0x4c(%rbp),%eax
  4013f0:	48 98                	cltq   
  4013f2:	49 0f af c4          	imul   %r12,%rax
  4013f6:	48 89 c2             	mov    %rax,%rdx
  4013f9:	48 8b 45 88          	mov    -0x78(%rbp),%rax
  4013fd:	48 8d 0c 02          	lea    (%rdx,%rax,1),%rcx
  401401:	48 8b 85 68 ff ff ff 	mov    -0x98(%rbp),%rax
  401408:	8b 55 c8             	mov    -0x38(%rbp),%edx
  40140b:	48 63 d2             	movslq %edx,%rdx
  40140e:	48 89 0c d0          	mov    %rcx,(%rax,%rdx,8)
  401412:	83 45 c8 01          	addl   $0x1,-0x38(%rbp)
  401416:	eb 59                	jmp    401471 <processLine+0x765>
  401418:	8b 45 b4             	mov    -0x4c(%rbp),%eax
  40141b:	48 98                	cltq   
  40141d:	49 0f af c4          	imul   %r12,%rax
  401421:	48 89 c2             	mov    %rax,%rdx
  401424:	48 8b 45 88          	mov    -0x78(%rbp),%rax
  401428:	48 8d 0c 02          	lea    (%rdx,%rax,1),%rcx
  40142c:	48 8b 85 68 ff ff ff 	mov    -0x98(%rbp),%rax
  401433:	8b 55 c8             	mov    -0x38(%rbp),%edx
  401436:	48 63 d2             	movslq %edx,%rdx
  401439:	48 89 0c d0          	mov    %rcx,(%rax,%rdx,8)
  40143d:	83 45 c8 01          	addl   $0x1,-0x38(%rbp)
  401441:	8b 85 64 ff ff ff    	mov    -0x9c(%rbp),%eax
  401447:	89 45 cc             	mov    %eax,-0x34(%rbp)
  40144a:	eb 25                	jmp    401471 <processLine+0x765>
  40144c:	8b 45 b4             	mov    -0x4c(%rbp),%eax
  40144f:	48 98                	cltq   
  401451:	49 0f af c4          	imul   %r12,%rax
  401455:	48 89 c2             	mov    %rax,%rdx
  401458:	48 8b 45 88          	mov    -0x78(%rbp),%rax
  40145c:	48 01 d0             	add    %rdx,%rax
  40145f:	48 89 c6             	mov    %rax,%rsi
  401462:	bf c8 1d 40 00       	mov    $0x401dc8,%edi
  401467:	b8 00 00 00 00       	mov    $0x0,%eax
  40146c:	e8 2f f3 ff ff       	callq  4007a0 <printf@plt>
  401471:	83 45 b4 01          	addl   $0x1,-0x4c(%rbp)
  401475:	8b 45 b4             	mov    -0x4c(%rbp),%eax
  401478:	3b 45 b8             	cmp    -0x48(%rbp),%eax
  40147b:	0f 8c 63 fd ff ff    	jl     4011e4 <processLine+0x4d8>
  401481:	8b 45 c8             	mov    -0x38(%rbp),%eax
  401484:	83 e8 01             	sub    $0x1,%eax
  401487:	89 45 a8             	mov    %eax,-0x58(%rbp)
  40148a:	eb 27                	jmp    4014b3 <processLine+0x7a7>
  40148c:	48 8b 85 68 ff ff ff 	mov    -0x98(%rbp),%rax
  401493:	8b 55 a8             	mov    -0x58(%rbp),%edx
  401496:	48 63 d2             	movslq %edx,%rdx
  401499:	48 8b 04 d0          	mov    (%rax,%rdx,8),%rax
  40149d:	48 8b 95 50 ff ff ff 	mov    -0xb0(%rbp),%rdx
  4014a4:	48 89 d6             	mov    %rdx,%rsi
  4014a7:	48 89 c7             	mov    %rax,%rdi
  4014aa:	e8 2e 00 00 00       	callq  4014dd <processCommand>
  4014af:	83 6d a8 01          	subl   $0x1,-0x58(%rbp)
  4014b3:	83 7d a8 00          	cmpl   $0x0,-0x58(%rbp)
  4014b7:	79 d3                	jns    40148c <processLine+0x780>
  4014b9:	48 89 dc             	mov    %rbx,%rsp
  4014bc:	4c 89 fc             	mov    %r15,%rsp
  4014bf:	90                   	nop
  4014c0:	48 8d 65 d8          	lea    -0x28(%rbp),%rsp
  4014c4:	5b                   	pop    %rbx
  4014c5:	41 5c                	pop    %r12
  4014c7:	41 5d                	pop    %r13
  4014c9:	41 5e                	pop    %r14
  4014cb:	41 5f                	pop    %r15
  4014cd:	5d                   	pop    %rbp
  4014ce:	c3                   	retq   

00000000004014cf <shunt>:
  4014cf:	55                   	push   %rbp
  4014d0:	48 89 e5             	mov    %rsp,%rbp
  4014d3:	48 89 7d f8          	mov    %rdi,-0x8(%rbp)
  4014d7:	89 75 f4             	mov    %esi,-0xc(%rbp)
  4014da:	90                   	nop
  4014db:	5d                   	pop    %rbp
  4014dc:	c3                   	retq   

00000000004014dd <processCommand>:
  4014dd:	55                   	push   %rbp
  4014de:	48 89 e5             	mov    %rsp,%rbp
  4014e1:	48 83 ec 10          	sub    $0x10,%rsp
  4014e5:	48 89 7d f8          	mov    %rdi,-0x8(%rbp)
  4014e9:	48 89 75 f0          	mov    %rsi,-0x10(%rbp)
  4014ed:	48 8b 45 f8          	mov    -0x8(%rbp),%rax
  4014f1:	48 89 c7             	mov    %rax,%rdi
  4014f4:	e8 cc f5 ff ff       	callq  400ac5 <is_operator>
  4014f9:	84 c0                	test   %al,%al
  4014fb:	74 3f                	je     40153c <processCommand+0x5f>
  4014fd:	48 8b 45 f8          	mov    -0x8(%rbp),%rax
  401501:	be c0 1d 40 00       	mov    $0x401dc0,%esi
  401506:	48 89 c7             	mov    %rax,%rdi
  401509:	e8 c2 f2 ff ff       	callq  4007d0 <strcmp@plt>
  40150e:	85 c0                	test   %eax,%eax
  401510:	75 15                	jne    401527 <processCommand+0x4a>
  401512:	48 8b 55 f0          	mov    -0x10(%rbp),%rdx
  401516:	48 8b 45 f8          	mov    -0x8(%rbp),%rax
  40151a:	48 89 d6             	mov    %rdx,%rsi
  40151d:	48 89 c7             	mov    %rax,%rdi
  401520:	e8 2d 00 00 00       	callq  401552 <processNumber>
  401525:	eb 28                	jmp    40154f <processCommand+0x72>
  401527:	48 8b 55 f0          	mov    -0x10(%rbp),%rdx
  40152b:	48 8b 45 f8          	mov    -0x8(%rbp),%rax
  40152f:	48 89 d6             	mov    %rdx,%rsi
  401532:	48 89 c7             	mov    %rax,%rdi
  401535:	e8 3e 01 00 00       	callq  401678 <processOperator>
  40153a:	eb 13                	jmp    40154f <processCommand+0x72>
  40153c:	48 8b 55 f0          	mov    -0x10(%rbp),%rdx
  401540:	48 8b 45 f8          	mov    -0x8(%rbp),%rax
  401544:	48 89 d6             	mov    %rdx,%rsi
  401547:	48 89 c7             	mov    %rax,%rdi
  40154a:	e8 03 00 00 00       	callq  401552 <processNumber>
  40154f:	90                   	nop
  401550:	c9                   	leaveq 
  401551:	c3                   	retq   

0000000000401552 <processNumber>:
  401552:	55                   	push   %rbp
  401553:	48 89 e5             	mov    %rsp,%rbp
  401556:	48 83 ec 20          	sub    $0x20,%rsp
  40155a:	48 89 7d e8          	mov    %rdi,-0x18(%rbp)
  40155e:	48 89 75 e0          	mov    %rsi,-0x20(%rbp)
  401562:	8b 05 90 1b 20 00    	mov    0x201b90(%rip),%eax        # 6030f8 <stack_count>
  401568:	ba 17 00 00 00       	mov    $0x17,%edx
  40156d:	39 d0                	cmp    %edx,%eax
  40156f:	75 0f                	jne    401580 <processNumber+0x2e>
  401571:	bf f0 1d 40 00       	mov    $0x401df0,%edi
  401576:	e8 f5 f1 ff ff       	callq  400770 <puts@plt>
  40157b:	e9 f5 00 00 00       	jmpq   401675 <processNumber+0x123>
  401580:	48 8b 45 e8          	mov    -0x18(%rbp),%rax
  401584:	be c0 1d 40 00       	mov    $0x401dc0,%esi
  401589:	48 89 c7             	mov    %rax,%rdi
  40158c:	e8 3f f2 ff ff       	callq  4007d0 <strcmp@plt>
  401591:	85 c0                	test   %eax,%eax
  401593:	75 51                	jne    4015e6 <processNumber+0x94>
  401595:	8b 05 59 1b 20 00    	mov    0x201b59(%rip),%eax        # 6030f4 <rand_count>
  40159b:	ba 16 00 00 00       	mov    $0x16,%edx
  4015a0:	39 d0                	cmp    %edx,%eax
  4015a2:	75 0a                	jne    4015ae <processNumber+0x5c>
  4015a4:	bf 00 00 00 00       	mov    $0x0,%edi
  4015a9:	e8 12 f2 ff ff       	callq  4007c0 <srand@plt>
  4015ae:	e8 5d f2 ff ff       	callq  400810 <rand@plt>
  4015b3:	f2 0f 2a c0          	cvtsi2sd %eax,%xmm0
  4015b7:	48 8b 45 e0          	mov    -0x20(%rbp),%rax
  4015bb:	48 89 c7             	mov    %rax,%rdi
  4015be:	e8 36 05 00 00       	callq  401af9 <push>
  4015c3:	8b 05 2f 1b 20 00    	mov    0x201b2f(%rip),%eax        # 6030f8 <stack_count>
  4015c9:	83 c0 01             	add    $0x1,%eax
  4015cc:	89 05 26 1b 20 00    	mov    %eax,0x201b26(%rip)        # 6030f8 <stack_count>
  4015d2:	8b 05 1c 1b 20 00    	mov    0x201b1c(%rip),%eax        # 6030f4 <rand_count>
  4015d8:	83 c0 01             	add    $0x1,%eax
  4015db:	89 05 13 1b 20 00    	mov    %eax,0x201b13(%rip)        # 6030f4 <rand_count>
  4015e1:	e9 8f 00 00 00       	jmpq   401675 <processNumber+0x123>
  4015e6:	48 8b 45 e8          	mov    -0x18(%rbp),%rax
  4015ea:	48 89 c7             	mov    %rax,%rdi
  4015ed:	e8 cb f3 ff ff       	callq  4009bd <isOctal>
  4015f2:	84 c0                	test   %al,%al
  4015f4:	74 53                	je     401649 <processNumber+0xf7>
  4015f6:	48 8b 45 e8          	mov    -0x18(%rbp),%rax
  4015fa:	48 89 c7             	mov    %rax,%rdi
  4015fd:	e8 12 f4 ff ff       	callq  400a14 <isValidOctal>
  401602:	84 c0                	test   %al,%al
  401604:	74 6f                	je     401675 <processNumber+0x123>
  401606:	48 8b 45 e8          	mov    -0x18(%rbp),%rax
  40160a:	48 89 c7             	mov    %rax,%rdi
  40160d:	e8 de f1 ff ff       	callq  4007f0 <atoi@plt>
  401612:	89 c7                	mov    %eax,%edi
  401614:	e8 93 f5 ff ff       	callq  400bac <convertOctalToDecimal>
  401619:	66 48 0f 7e c0       	movq   %xmm0,%rax
  40161e:	48 89 45 f8          	mov    %rax,-0x8(%rbp)
  401622:	f2 0f 10 45 f8       	movsd  -0x8(%rbp),%xmm0
  401627:	e8 3e f5 ff ff       	callq  400b6a <check_limit>
  40162c:	48 8b 45 e0          	mov    -0x20(%rbp),%rax
  401630:	48 89 c7             	mov    %rax,%rdi
  401633:	e8 c1 04 00 00       	callq  401af9 <push>
  401638:	8b 05 ba 1a 20 00    	mov    0x201aba(%rip),%eax        # 6030f8 <stack_count>
  40163e:	83 c0 01             	add    $0x1,%eax
  401641:	89 05 b1 1a 20 00    	mov    %eax,0x201ab1(%rip)        # 6030f8 <stack_count>
  401647:	eb 2c                	jmp    401675 <processNumber+0x123>
  401649:	48 8b 45 e8          	mov    -0x18(%rbp),%rax
  40164d:	48 89 c7             	mov    %rax,%rdi
  401650:	e8 2b f1 ff ff       	callq  400780 <atof@plt>
  401655:	e8 10 f5 ff ff       	callq  400b6a <check_limit>
  40165a:	48 8b 45 e0          	mov    -0x20(%rbp),%rax
  40165e:	48 89 c7             	mov    %rax,%rdi
  401661:	e8 93 04 00 00       	callq  401af9 <push>
  401666:	8b 05 8c 1a 20 00    	mov    0x201a8c(%rip),%eax        # 6030f8 <stack_count>
  40166c:	83 c0 01             	add    $0x1,%eax
  40166f:	89 05 83 1a 20 00    	mov    %eax,0x201a83(%rip)        # 6030f8 <stack_count>
  401675:	90                   	nop
  401676:	c9                   	leaveq 
  401677:	c3                   	retq   

0000000000401678 <processOperator>:
  401678:	55                   	push   %rbp
  401679:	48 89 e5             	mov    %rsp,%rbp
  40167c:	48 83 ec 30          	sub    $0x30,%rsp
  401680:	48 89 7d d8          	mov    %rdi,-0x28(%rbp)
  401684:	48 89 75 d0          	mov    %rsi,-0x30(%rbp)
  401688:	48 8b 45 d8          	mov    -0x28(%rbp),%rax
  40168c:	be c2 1d 40 00       	mov    $0x401dc2,%esi
  401691:	48 89 c7             	mov    %rax,%rdi
  401694:	e8 37 f1 ff ff       	callq  4007d0 <strcmp@plt>
  401699:	85 c0                	test   %eax,%eax
  40169b:	75 11                	jne    4016ae <processOperator+0x36>
  40169d:	48 8b 45 d0          	mov    -0x30(%rbp),%rax
  4016a1:	48 89 c7             	mov    %rax,%rdi
  4016a4:	e8 0e 06 00 00       	callq  401cb7 <print_stack>
  4016a9:	e9 6e 03 00 00       	jmpq   401a1c <processOperator+0x3a4>
  4016ae:	48 8b 45 d8          	mov    -0x28(%rbp),%rax
  4016b2:	be c4 1d 40 00       	mov    $0x401dc4,%esi
  4016b7:	48 89 c7             	mov    %rax,%rdi
  4016ba:	e8 11 f1 ff ff       	callq  4007d0 <strcmp@plt>
  4016bf:	85 c0                	test   %eax,%eax
  4016c1:	75 61                	jne    401724 <processOperator+0xac>
  4016c3:	48 8b 45 d0          	mov    -0x30(%rbp),%rax
  4016c7:	48 89 c7             	mov    %rax,%rdi
  4016ca:	e8 81 05 00 00       	callq  401c50 <peek>
  4016cf:	66 48 0f 7e c0       	movq   %xmm0,%rax
  4016d4:	48 89 45 f8          	mov    %rax,-0x8(%rbp)
  4016d8:	f2 0f 10 45 f8       	movsd  -0x8(%rbp),%xmm0
  4016dd:	66 0f 2e 05 7b 07 00 	ucomisd 0x77b(%rip),%xmm0        # 401e60 <STACK_LIMIT+0xa4>
  4016e4:	00 
  4016e5:	7a 1e                	jp     401705 <processOperator+0x8d>
  4016e7:	f2 0f 10 45 f8       	movsd  -0x8(%rbp),%xmm0
  4016ec:	66 0f 2e 05 6c 07 00 	ucomisd 0x76c(%rip),%xmm0        # 401e60 <STACK_LIMIT+0xa4>
  4016f3:	00 
  4016f4:	75 0f                	jne    401705 <processOperator+0x8d>
  4016f6:	bf 00 1e 40 00       	mov    $0x401e00,%edi
  4016fb:	e8 70 f0 ff ff       	callq  400770 <puts@plt>
  401700:	e9 17 03 00 00       	jmpq   401a1c <processOperator+0x3a4>
  401705:	f2 0f 10 45 f8       	movsd  -0x8(%rbp),%xmm0
  40170a:	f2 0f 2c c0          	cvttsd2si %xmm0,%eax
  40170e:	89 c6                	mov    %eax,%esi
  401710:	bf 0d 1e 40 00       	mov    $0x401e0d,%edi
  401715:	b8 00 00 00 00       	mov    $0x0,%eax
  40171a:	e8 81 f0 ff ff       	callq  4007a0 <printf@plt>
  40171f:	e9 f8 02 00 00       	jmpq   401a1c <processOperator+0x3a4>
  401724:	8b 05 ce 19 20 00    	mov    0x2019ce(%rip),%eax        # 6030f8 <stack_count>
  40172a:	83 f8 01             	cmp    $0x1,%eax
  40172d:	7f 0f                	jg     40173e <processOperator+0xc6>
  40172f:	bf 11 1e 40 00       	mov    $0x401e11,%edi
  401734:	e8 37 f0 ff ff       	callq  400770 <puts@plt>
  401739:	e9 de 02 00 00       	jmpq   401a1c <processOperator+0x3a4>
  40173e:	48 8b 45 d0          	mov    -0x30(%rbp),%rax
  401742:	48 89 c7             	mov    %rax,%rdi
  401745:	e8 51 04 00 00       	callq  401b9b <pop>
  40174a:	66 48 0f 7e c0       	movq   %xmm0,%rax
  40174f:	48 89 45 f0          	mov    %rax,-0x10(%rbp)
  401753:	48 8b 45 d0          	mov    -0x30(%rbp),%rax
  401757:	48 89 c7             	mov    %rax,%rdi
  40175a:	e8 3c 04 00 00       	callq  401b9b <pop>
  40175f:	66 48 0f 7e c0       	movq   %xmm0,%rax
  401764:	48 89 45 e8          	mov    %rax,-0x18(%rbp)
  401768:	8b 05 8a 19 20 00    	mov    0x20198a(%rip),%eax        # 6030f8 <stack_count>
  40176e:	83 e8 02             	sub    $0x2,%eax
  401771:	89 05 81 19 20 00    	mov    %eax,0x201981(%rip)        # 6030f8 <stack_count>
  401777:	48 8b 45 d8          	mov    -0x28(%rbp),%rax
  40177b:	be aa 1d 40 00       	mov    $0x401daa,%esi
  401780:	48 89 c7             	mov    %rax,%rdi
  401783:	e8 48 f0 ff ff       	callq  4007d0 <strcmp@plt>
  401788:	85 c0                	test   %eax,%eax
  40178a:	75 2f                	jne    4017bb <processOperator+0x143>
  40178c:	f2 0f 10 45 e8       	movsd  -0x18(%rbp),%xmm0
  401791:	f2 0f 58 45 f0       	addsd  -0x10(%rbp),%xmm0
  401796:	e8 cf f3 ff ff       	callq  400b6a <check_limit>
  40179b:	48 8b 45 d0          	mov    -0x30(%rbp),%rax
  40179f:	48 89 c7             	mov    %rax,%rdi
  4017a2:	e8 52 03 00 00       	callq  401af9 <push>
  4017a7:	8b 05 4b 19 20 00    	mov    0x20194b(%rip),%eax        # 6030f8 <stack_count>
  4017ad:	83 c0 01             	add    $0x1,%eax
  4017b0:	89 05 42 19 20 00    	mov    %eax,0x201942(%rip)        # 6030f8 <stack_count>
  4017b6:	e9 61 02 00 00       	jmpq   401a1c <processOperator+0x3a4>
  4017bb:	48 8b 45 d8          	mov    -0x28(%rbp),%rax
  4017bf:	be a8 1d 40 00       	mov    $0x401da8,%esi
  4017c4:	48 89 c7             	mov    %rax,%rdi
  4017c7:	e8 04 f0 ff ff       	callq  4007d0 <strcmp@plt>
  4017cc:	85 c0                	test   %eax,%eax
  4017ce:	75 2f                	jne    4017ff <processOperator+0x187>
  4017d0:	f2 0f 10 45 e8       	movsd  -0x18(%rbp),%xmm0
  4017d5:	f2 0f 5c 45 f0       	subsd  -0x10(%rbp),%xmm0
  4017da:	e8 8b f3 ff ff       	callq  400b6a <check_limit>
  4017df:	48 8b 45 d0          	mov    -0x30(%rbp),%rax
  4017e3:	48 89 c7             	mov    %rax,%rdi
  4017e6:	e8 0e 03 00 00       	callq  401af9 <push>
  4017eb:	8b 05 07 19 20 00    	mov    0x201907(%rip),%eax        # 6030f8 <stack_count>
  4017f1:	83 c0 01             	add    $0x1,%eax
  4017f4:	89 05 fe 18 20 00    	mov    %eax,0x2018fe(%rip)        # 6030f8 <stack_count>
  4017fa:	e9 1d 02 00 00       	jmpq   401a1c <processOperator+0x3a4>
  4017ff:	48 8b 45 d8          	mov    -0x28(%rbp),%rax
  401803:	be ac 1d 40 00       	mov    $0x401dac,%esi
  401808:	48 89 c7             	mov    %rax,%rdi
  40180b:	e8 c0 ef ff ff       	callq  4007d0 <strcmp@plt>
  401810:	85 c0                	test   %eax,%eax
  401812:	75 2f                	jne    401843 <processOperator+0x1cb>
  401814:	f2 0f 10 45 e8       	movsd  -0x18(%rbp),%xmm0
  401819:	f2 0f 59 45 f0       	mulsd  -0x10(%rbp),%xmm0
  40181e:	e8 47 f3 ff ff       	callq  400b6a <check_limit>
  401823:	48 8b 45 d0          	mov    -0x30(%rbp),%rax
  401827:	48 89 c7             	mov    %rax,%rdi
  40182a:	e8 ca 02 00 00       	callq  401af9 <push>
  40182f:	8b 05 c3 18 20 00    	mov    0x2018c3(%rip),%eax        # 6030f8 <stack_count>
  401835:	83 c0 01             	add    $0x1,%eax
  401838:	89 05 ba 18 20 00    	mov    %eax,0x2018ba(%rip)        # 6030f8 <stack_count>
  40183e:	e9 d9 01 00 00       	jmpq   401a1c <processOperator+0x3a4>
  401843:	48 8b 45 d8          	mov    -0x28(%rbp),%rax
  401847:	be ae 1d 40 00       	mov    $0x401dae,%esi
  40184c:	48 89 c7             	mov    %rax,%rdi
  40184f:	e8 7c ef ff ff       	callq  4007d0 <strcmp@plt>
  401854:	85 c0                	test   %eax,%eax
  401856:	0f 85 85 00 00 00    	jne    4018e1 <processOperator+0x269>
  40185c:	66 0f ef c0          	pxor   %xmm0,%xmm0
  401860:	66 0f 2e 45 f0       	ucomisd -0x10(%rbp),%xmm0
  401865:	7a 4b                	jp     4018b2 <processOperator+0x23a>
  401867:	66 0f ef c0          	pxor   %xmm0,%xmm0
  40186b:	66 0f 2e 45 f0       	ucomisd -0x10(%rbp),%xmm0
  401870:	75 40                	jne    4018b2 <processOperator+0x23a>
  401872:	bf 22 1e 40 00       	mov    $0x401e22,%edi
  401877:	e8 f4 ee ff ff       	callq  400770 <puts@plt>
  40187c:	48 8b 45 d0          	mov    -0x30(%rbp),%rax
  401880:	f2 0f 10 45 e8       	movsd  -0x18(%rbp),%xmm0
  401885:	48 89 c7             	mov    %rax,%rdi
  401888:	e8 6c 02 00 00       	callq  401af9 <push>
  40188d:	48 8b 45 d0          	mov    -0x30(%rbp),%rax
  401891:	f2 0f 10 45 f0       	movsd  -0x10(%rbp),%xmm0
  401896:	48 89 c7             	mov    %rax,%rdi
  401899:	e8 5b 02 00 00       	callq  401af9 <push>
  40189e:	8b 05 54 18 20 00    	mov    0x201854(%rip),%eax        # 6030f8 <stack_count>
  4018a4:	83 c0 02             	add    $0x2,%eax
  4018a7:	89 05 4b 18 20 00    	mov    %eax,0x20184b(%rip)        # 6030f8 <stack_count>
  4018ad:	e9 6a 01 00 00       	jmpq   401a1c <processOperator+0x3a4>
  4018b2:	f2 0f 10 45 e8       	movsd  -0x18(%rbp),%xmm0
  4018b7:	f2 0f 5e 45 f0       	divsd  -0x10(%rbp),%xmm0
  4018bc:	e8 a9 f2 ff ff       	callq  400b6a <check_limit>
  4018c1:	48 8b 45 d0          	mov    -0x30(%rbp),%rax
  4018c5:	48 89 c7             	mov    %rax,%rdi
  4018c8:	e8 2c 02 00 00       	callq  401af9 <push>
  4018cd:	8b 05 25 18 20 00    	mov    0x201825(%rip),%eax        # 6030f8 <stack_count>
  4018d3:	83 c0 01             	add    $0x1,%eax
  4018d6:	89 05 1c 18 20 00    	mov    %eax,0x20181c(%rip)        # 6030f8 <stack_count>
  4018dc:	e9 3b 01 00 00       	jmpq   401a1c <processOperator+0x3a4>
  4018e1:	48 8b 45 d8          	mov    -0x28(%rbp),%rax
  4018e5:	be b0 1d 40 00       	mov    $0x401db0,%esi
  4018ea:	48 89 c7             	mov    %rax,%rdi
  4018ed:	e8 de ee ff ff       	callq  4007d0 <strcmp@plt>
  4018f2:	85 c0                	test   %eax,%eax
  4018f4:	0f 85 96 00 00 00    	jne    401990 <processOperator+0x318>
  4018fa:	66 0f ef c0          	pxor   %xmm0,%xmm0
  4018fe:	66 0f 2e 45 e8       	ucomisd -0x18(%rbp),%xmm0
  401903:	7a 4b                	jp     401950 <processOperator+0x2d8>
  401905:	66 0f ef c0          	pxor   %xmm0,%xmm0
  401909:	66 0f 2e 45 e8       	ucomisd -0x18(%rbp),%xmm0
  40190e:	75 40                	jne    401950 <processOperator+0x2d8>
  401910:	bf 22 1e 40 00       	mov    $0x401e22,%edi
  401915:	e8 56 ee ff ff       	callq  400770 <puts@plt>
  40191a:	48 8b 45 d0          	mov    -0x30(%rbp),%rax
  40191e:	f2 0f 10 45 e8       	movsd  -0x18(%rbp),%xmm0
  401923:	48 89 c7             	mov    %rax,%rdi
  401926:	e8 ce 01 00 00       	callq  401af9 <push>
  40192b:	48 8b 45 d0          	mov    -0x30(%rbp),%rax
  40192f:	f2 0f 10 45 f0       	movsd  -0x10(%rbp),%xmm0
  401934:	48 89 c7             	mov    %rax,%rdi
  401937:	e8 bd 01 00 00       	callq  401af9 <push>
  40193c:	8b 05 b6 17 20 00    	mov    0x2017b6(%rip),%eax        # 6030f8 <stack_count>
  401942:	83 c0 02             	add    $0x2,%eax
  401945:	89 05 ad 17 20 00    	mov    %eax,0x2017ad(%rip)        # 6030f8 <stack_count>
  40194b:	e9 cc 00 00 00       	jmpq   401a1c <processOperator+0x3a4>
  401950:	f2 0f 10 45 e8       	movsd  -0x18(%rbp),%xmm0
  401955:	f2 0f 2c c0          	cvttsd2si %xmm0,%eax
  401959:	f2 0f 10 45 f0       	movsd  -0x10(%rbp),%xmm0
  40195e:	f2 0f 2c c8          	cvttsd2si %xmm0,%ecx
  401962:	99                   	cltd   
  401963:	f7 f9                	idiv   %ecx
  401965:	89 d0                	mov    %edx,%eax
  401967:	f2 0f 2a c0          	cvtsi2sd %eax,%xmm0
  40196b:	e8 fa f1 ff ff       	callq  400b6a <check_limit>
  401970:	48 8b 45 d0          	mov    -0x30(%rbp),%rax
  401974:	48 89 c7             	mov    %rax,%rdi
  401977:	e8 7d 01 00 00       	callq  401af9 <push>
  40197c:	8b 05 76 17 20 00    	mov    0x201776(%rip),%eax        # 6030f8 <stack_count>
  401982:	83 c0 01             	add    $0x1,%eax
  401985:	89 05 6d 17 20 00    	mov    %eax,0x20176d(%rip)        # 6030f8 <stack_count>
  40198b:	e9 8c 00 00 00       	jmpq   401a1c <processOperator+0x3a4>
  401990:	48 8b 45 d8          	mov    -0x28(%rbp),%rax
  401994:	be b2 1d 40 00       	mov    $0x401db2,%esi
  401999:	48 89 c7             	mov    %rax,%rdi
  40199c:	e8 2f ee ff ff       	callq  4007d0 <strcmp@plt>
  4019a1:	85 c0                	test   %eax,%eax
  4019a3:	75 77                	jne    401a1c <processOperator+0x3a4>
  4019a5:	66 0f ef c0          	pxor   %xmm0,%xmm0
  4019a9:	66 0f 2f 45 f0       	comisd -0x10(%rbp),%xmm0
  4019ae:	76 3d                	jbe    4019ed <processOperator+0x375>
  4019b0:	bf 2f 1e 40 00       	mov    $0x401e2f,%edi
  4019b5:	e8 b6 ed ff ff       	callq  400770 <puts@plt>
  4019ba:	48 8b 45 d0          	mov    -0x30(%rbp),%rax
  4019be:	f2 0f 10 45 e8       	movsd  -0x18(%rbp),%xmm0
  4019c3:	48 89 c7             	mov    %rax,%rdi
  4019c6:	e8 2e 01 00 00       	callq  401af9 <push>
  4019cb:	48 8b 45 d0          	mov    -0x30(%rbp),%rax
  4019cf:	f2 0f 10 45 f0       	movsd  -0x10(%rbp),%xmm0
  4019d4:	48 89 c7             	mov    %rax,%rdi
  4019d7:	e8 1d 01 00 00       	callq  401af9 <push>
  4019dc:	8b 05 16 17 20 00    	mov    0x201716(%rip),%eax        # 6030f8 <stack_count>
  4019e2:	83 c0 02             	add    $0x2,%eax
  4019e5:	89 05 0d 17 20 00    	mov    %eax,0x20170d(%rip)        # 6030f8 <stack_count>
  4019eb:	eb 2f                	jmp    401a1c <processOperator+0x3a4>
  4019ed:	f2 0f 10 4d f0       	movsd  -0x10(%rbp),%xmm1
  4019f2:	f2 0f 10 45 e8       	movsd  -0x18(%rbp),%xmm0
  4019f7:	e8 b4 ed ff ff       	callq  4007b0 <pow@plt>
  4019fc:	e8 69 f1 ff ff       	callq  400b6a <check_limit>
  401a01:	48 8b 45 d0          	mov    -0x30(%rbp),%rax
  401a05:	48 89 c7             	mov    %rax,%rdi
  401a08:	e8 ec 00 00 00       	callq  401af9 <push>
  401a0d:	8b 05 e5 16 20 00    	mov    0x2016e5(%rip),%eax        # 6030f8 <stack_count>
  401a13:	83 c0 01             	add    $0x1,%eax
  401a16:	89 05 dc 16 20 00    	mov    %eax,0x2016dc(%rip)        # 6030f8 <stack_count>
  401a1c:	90                   	nop
  401a1d:	c9                   	leaveq 
  401a1e:	c3                   	retq   

0000000000401a1f <run_srpn>:
  401a1f:	55                   	push   %rbp
  401a20:	48 89 e5             	mov    %rsp,%rbp
  401a23:	48 81 ec 90 00 00 00 	sub    $0x90,%rsp
  401a2a:	f2 0f 10 05 2e 04 00 	movsd  0x42e(%rip),%xmm0        # 401e60 <STACK_LIMIT+0xa4>
  401a31:	00 
  401a32:	f2 0f 11 45 e0       	movsd  %xmm0,-0x20(%rbp)
  401a37:	48 c7 45 e8 00 00 00 	movq   $0x0,-0x18(%rbp)
  401a3e:	00 
  401a3f:	c7 45 fc 00 00 00 00 	movl   $0x0,-0x4(%rbp)
  401a46:	c6 45 fb 00          	movb   $0x0,-0x5(%rbp)
  401a4a:	48 8d 85 70 ff ff ff 	lea    -0x90(%rbp),%rax
  401a51:	48 89 c6             	mov    %rax,%rsi
  401a54:	bf 3f 1e 40 00       	mov    $0x401e3f,%edi
  401a59:	b8 00 00 00 00       	mov    $0x0,%eax
  401a5e:	e8 9d ed ff ff       	callq  400800 <__isoc99_scanf@plt>
  401a63:	89 45 fc             	mov    %eax,-0x4(%rbp)
  401a66:	eb 6d                	jmp    401ad5 <run_srpn+0xb6>
  401a68:	48 8d 85 70 ff ff ff 	lea    -0x90(%rbp),%rax
  401a6f:	be 42 1e 40 00       	mov    $0x401e42,%esi
  401a74:	48 89 c7             	mov    %rax,%rdi
  401a77:	e8 54 ed ff ff       	callq  4007d0 <strcmp@plt>
  401a7c:	85 c0                	test   %eax,%eax
  401a7e:	75 18                	jne    401a98 <run_srpn+0x79>
  401a80:	0f b6 45 fb          	movzbl -0x5(%rbp),%eax
  401a84:	85 c0                	test   %eax,%eax
  401a86:	0f 95 c0             	setne  %al
  401a89:	83 f0 01             	xor    $0x1,%eax
  401a8c:	0f b6 c0             	movzbl %al,%eax
  401a8f:	88 45 fb             	mov    %al,-0x5(%rbp)
  401a92:	80 65 fb 01          	andb   $0x1,-0x5(%rbp)
  401a96:	eb 21                	jmp    401ab9 <run_srpn+0x9a>
  401a98:	0f b6 45 fb          	movzbl -0x5(%rbp),%eax
  401a9c:	83 f0 01             	xor    $0x1,%eax
  401a9f:	84 c0                	test   %al,%al
  401aa1:	74 16                	je     401ab9 <run_srpn+0x9a>
  401aa3:	48 8d 55 e0          	lea    -0x20(%rbp),%rdx
  401aa7:	48 8d 85 70 ff ff ff 	lea    -0x90(%rbp),%rax
  401aae:	48 89 d6             	mov    %rdx,%rsi
  401ab1:	48 89 c7             	mov    %rax,%rdi
  401ab4:	e8 e3 f1 ff ff       	callq  400c9c <processToken>
  401ab9:	48 8d 85 70 ff ff ff 	lea    -0x90(%rbp),%rax
  401ac0:	48 89 c6             	mov    %rax,%rsi
  401ac3:	bf 3f 1e 40 00       	mov    $0x401e3f,%edi
  401ac8:	b8 00 00 00 00       	mov    $0x0,%eax
  401acd:	e8 2e ed ff ff       	callq  400800 <__isoc99_scanf@plt>
  401ad2:	89 45 fc             	mov    %eax,-0x4(%rbp)
  401ad5:	83 7d fc 00          	cmpl   $0x0,-0x4(%rbp)
  401ad9:	79 8d                	jns    401a68 <run_srpn+0x49>
  401adb:	90                   	nop
  401adc:	c9                   	leaveq 
  401add:	c3                   	retq   

0000000000401ade <main>:
  401ade:	55                   	push   %rbp
  401adf:	48 89 e5             	mov    %rsp,%rbp
  401ae2:	48 83 ec 10          	sub    $0x10,%rsp
  401ae6:	89 7d fc             	mov    %edi,-0x4(%rbp)
  401ae9:	48 89 75 f0          	mov    %rsi,-0x10(%rbp)
  401aed:	e8 2d ff ff ff       	callq  401a1f <run_srpn>
  401af2:	b8 00 00 00 00       	mov    $0x0,%eax
  401af7:	c9                   	leaveq 
  401af8:	c3                   	retq   

0000000000401af9 <push>:
  401af9:	55                   	push   %rbp
  401afa:	48 89 e5             	mov    %rsp,%rbp
  401afd:	48 83 ec 20          	sub    $0x20,%rsp
  401b01:	f2 0f 11 45 e8       	movsd  %xmm0,-0x18(%rbp)
  401b06:	48 89 7d e0          	mov    %rdi,-0x20(%rbp)
  401b0a:	48 8b 45 e0          	mov    -0x20(%rbp),%rax
  401b0e:	f2 0f 10 00          	movsd  (%rax),%xmm0
  401b12:	66 0f 2e 05 56 03 00 	ucomisd 0x356(%rip),%xmm0        # 401e70 <STACK_LIMIT+0xb4>
  401b19:	00 
  401b1a:	7a 25                	jp     401b41 <push+0x48>
  401b1c:	66 0f 2e 05 4c 03 00 	ucomisd 0x34c(%rip),%xmm0        # 401e70 <STACK_LIMIT+0xb4>
  401b23:	00 
  401b24:	75 1b                	jne    401b41 <push+0x48>
  401b26:	48 8b 45 e0          	mov    -0x20(%rbp),%rax
  401b2a:	f2 0f 10 45 e8       	movsd  -0x18(%rbp),%xmm0
  401b2f:	f2 0f 11 00          	movsd  %xmm0,(%rax)
  401b33:	48 8b 45 e0          	mov    -0x20(%rbp),%rax
  401b37:	48 c7 40 08 00 00 00 	movq   $0x0,0x8(%rax)
  401b3e:	00 
  401b3f:	eb 57                	jmp    401b98 <push+0x9f>
  401b41:	48 8b 45 e0          	mov    -0x20(%rbp),%rax
  401b45:	48 8b 40 08          	mov    0x8(%rax),%rax
  401b49:	48 85 c0             	test   %rax,%rax
  401b4c:	75 35                	jne    401b83 <push+0x8a>
  401b4e:	bf 10 00 00 00       	mov    $0x10,%edi
  401b53:	e8 88 ec ff ff       	callq  4007e0 <malloc@plt>
  401b58:	48 89 45 f8          	mov    %rax,-0x8(%rbp)
  401b5c:	48 8b 45 f8          	mov    -0x8(%rbp),%rax
  401b60:	f2 0f 10 45 e8       	movsd  -0x18(%rbp),%xmm0
  401b65:	f2 0f 11 00          	movsd  %xmm0,(%rax)
  401b69:	48 8b 45 f8          	mov    -0x8(%rbp),%rax
  401b6d:	48 c7 40 08 00 00 00 	movq   $0x0,0x8(%rax)
  401b74:	00 
  401b75:	48 8b 45 e0          	mov    -0x20(%rbp),%rax
  401b79:	48 8b 55 f8          	mov    -0x8(%rbp),%rdx
  401b7d:	48 89 50 08          	mov    %rdx,0x8(%rax)
  401b81:	eb 15                	jmp    401b98 <push+0x9f>
  401b83:	48 8b 45 e0          	mov    -0x20(%rbp),%rax
  401b87:	48 8b 40 08          	mov    0x8(%rax),%rax
  401b8b:	f2 0f 10 45 e8       	movsd  -0x18(%rbp),%xmm0
  401b90:	48 89 c7             	mov    %rax,%rdi
  401b93:	e8 61 ff ff ff       	callq  401af9 <push>
  401b98:	90                   	nop
  401b99:	c9                   	leaveq 
  401b9a:	c3                   	retq   

0000000000401b9b <pop>:
  401b9b:	55                   	push   %rbp
  401b9c:	48 89 e5             	mov    %rsp,%rbp
  401b9f:	48 83 ec 10          	sub    $0x10,%rsp
  401ba3:	48 89 7d f8          	mov    %rdi,-0x8(%rbp)
  401ba7:	48 8b 45 f8          	mov    -0x8(%rbp),%rax
  401bab:	be 00 00 00 00       	mov    $0x0,%esi
  401bb0:	48 89 c7             	mov    %rax,%rdi
  401bb3:	e8 10 00 00 00       	callq  401bc8 <popfromstack>
  401bb8:	66 48 0f 7e c0       	movq   %xmm0,%rax
  401bbd:	48 89 45 f0          	mov    %rax,-0x10(%rbp)
  401bc1:	f2 0f 10 45 f0       	movsd  -0x10(%rbp),%xmm0
  401bc6:	c9                   	leaveq 
  401bc7:	c3                   	retq   

0000000000401bc8 <popfromstack>:
  401bc8:	55                   	push   %rbp
  401bc9:	48 89 e5             	mov    %rsp,%rbp
  401bcc:	48 83 ec 30          	sub    $0x30,%rsp
  401bd0:	48 89 7d e8          	mov    %rdi,-0x18(%rbp)
  401bd4:	48 89 75 e0          	mov    %rsi,-0x20(%rbp)
  401bd8:	48 8b 45 e8          	mov    -0x18(%rbp),%rax
  401bdc:	48 8b 40 08          	mov    0x8(%rax),%rax
  401be0:	48 85 c0             	test   %rax,%rax
  401be3:	75 44                	jne    401c29 <popfromstack+0x61>
  401be5:	48 8b 45 e8          	mov    -0x18(%rbp),%rax
  401be9:	f2 0f 10 00          	movsd  (%rax),%xmm0
  401bed:	f2 0f 11 45 f8       	movsd  %xmm0,-0x8(%rbp)
  401bf2:	48 83 7d e0 00       	cmpq   $0x0,-0x20(%rbp)
  401bf7:	74 1a                	je     401c13 <popfromstack+0x4b>
  401bf9:	48 8b 45 e0          	mov    -0x20(%rbp),%rax
  401bfd:	48 c7 40 08 00 00 00 	movq   $0x0,0x8(%rax)
  401c04:	00 
  401c05:	48 8b 45 e8          	mov    -0x18(%rbp),%rax
  401c09:	48 89 c7             	mov    %rax,%rdi
  401c0c:	e8 3f eb ff ff       	callq  400750 <free@plt>
  401c11:	eb 10                	jmp    401c23 <popfromstack+0x5b>
  401c13:	48 8b 45 e8          	mov    -0x18(%rbp),%rax
  401c17:	f2 0f 10 05 51 02 00 	movsd  0x251(%rip),%xmm0        # 401e70 <STACK_LIMIT+0xb4>
  401c1e:	00 
  401c1f:	f2 0f 11 00          	movsd  %xmm0,(%rax)
  401c23:	48 8b 45 f8          	mov    -0x8(%rbp),%rax
  401c27:	eb 1c                	jmp    401c45 <popfromstack+0x7d>
  401c29:	48 8b 45 e8          	mov    -0x18(%rbp),%rax
  401c2d:	48 8b 40 08          	mov    0x8(%rax),%rax
  401c31:	48 8b 55 e8          	mov    -0x18(%rbp),%rdx
  401c35:	48 89 d6             	mov    %rdx,%rsi
  401c38:	48 89 c7             	mov    %rax,%rdi
  401c3b:	e8 88 ff ff ff       	callq  401bc8 <popfromstack>
  401c40:	66 48 0f 7e c0       	movq   %xmm0,%rax
  401c45:	48 89 45 d8          	mov    %rax,-0x28(%rbp)
  401c49:	f2 0f 10 45 d8       	movsd  -0x28(%rbp),%xmm0
  401c4e:	c9                   	leaveq 
  401c4f:	c3                   	retq   

0000000000401c50 <peek>:
  401c50:	55                   	push   %rbp
  401c51:	48 89 e5             	mov    %rsp,%rbp
  401c54:	48 83 ec 10          	sub    $0x10,%rsp
  401c58:	48 89 7d f8          	mov    %rdi,-0x8(%rbp)
  401c5c:	48 8b 45 f8          	mov    -0x8(%rbp),%rax
  401c60:	f2 0f 10 00          	movsd  (%rax),%xmm0
  401c64:	66 0f 2e 05 04 02 00 	ucomisd 0x204(%rip),%xmm0        # 401e70 <STACK_LIMIT+0xb4>
  401c6b:	00 
  401c6c:	7a 13                	jp     401c81 <peek+0x31>
  401c6e:	66 0f 2e 05 fa 01 00 	ucomisd 0x1fa(%rip),%xmm0        # 401e70 <STACK_LIMIT+0xb4>
  401c75:	00 
  401c76:	75 09                	jne    401c81 <peek+0x31>
  401c78:	48 8b 05 f1 01 00 00 	mov    0x1f1(%rip),%rax        # 401e70 <STACK_LIMIT+0xb4>
  401c7f:	eb 2b                	jmp    401cac <peek+0x5c>
  401c81:	48 8b 45 f8          	mov    -0x8(%rbp),%rax
  401c85:	48 8b 40 08          	mov    0x8(%rax),%rax
  401c89:	48 85 c0             	test   %rax,%rax
  401c8c:	75 09                	jne    401c97 <peek+0x47>
  401c8e:	48 8b 45 f8          	mov    -0x8(%rbp),%rax
  401c92:	48 8b 00             	mov    (%rax),%rax
  401c95:	eb 15                	jmp    401cac <peek+0x5c>
  401c97:	48 8b 45 f8          	mov    -0x8(%rbp),%rax
  401c9b:	48 8b 40 08          	mov    0x8(%rax),%rax
  401c9f:	48 89 c7             	mov    %rax,%rdi
  401ca2:	e8 a9 ff ff ff       	callq  401c50 <peek>
  401ca7:	66 48 0f 7e c0       	movq   %xmm0,%rax
  401cac:	48 89 45 f0          	mov    %rax,-0x10(%rbp)
  401cb0:	f2 0f 10 45 f0       	movsd  -0x10(%rbp),%xmm0
  401cb5:	c9                   	leaveq 
  401cb6:	c3                   	retq   

0000000000401cb7 <print_stack>:
  401cb7:	55                   	push   %rbp
  401cb8:	48 89 e5             	mov    %rsp,%rbp
  401cbb:	48 83 ec 10          	sub    $0x10,%rsp
  401cbf:	48 89 7d f8          	mov    %rdi,-0x8(%rbp)
  401cc3:	48 8b 45 f8          	mov    -0x8(%rbp),%rax
  401cc7:	48 8b 40 08          	mov    0x8(%rax),%rax
  401ccb:	48 85 c0             	test   %rax,%rax
  401cce:	75 1f                	jne    401cef <print_stack+0x38>
  401cd0:	48 8b 45 f8          	mov    -0x8(%rbp),%rax
  401cd4:	f2 0f 10 00          	movsd  (%rax),%xmm0
  401cd8:	f2 0f 2c c0          	cvttsd2si %xmm0,%eax
  401cdc:	89 c6                	mov    %eax,%esi
  401cde:	bf 68 1e 40 00       	mov    $0x401e68,%edi
  401ce3:	b8 00 00 00 00       	mov    $0x0,%eax
  401ce8:	e8 b3 ea ff ff       	callq  4007a0 <printf@plt>
  401ced:	eb 2d                	jmp    401d1c <print_stack+0x65>
  401cef:	48 8b 45 f8          	mov    -0x8(%rbp),%rax
  401cf3:	f2 0f 10 00          	movsd  (%rax),%xmm0
  401cf7:	f2 0f 2c c0          	cvttsd2si %xmm0,%eax
  401cfb:	89 c6                	mov    %eax,%esi
  401cfd:	bf 68 1e 40 00       	mov    $0x401e68,%edi
  401d02:	b8 00 00 00 00       	mov    $0x0,%eax
  401d07:	e8 94 ea ff ff       	callq  4007a0 <printf@plt>
  401d0c:	48 8b 45 f8          	mov    -0x8(%rbp),%rax
  401d10:	48 8b 40 08          	mov    0x8(%rax),%rax
  401d14:	48 89 c7             	mov    %rax,%rdi
  401d17:	e8 9b ff ff ff       	callq  401cb7 <print_stack>
  401d1c:	90                   	nop
  401d1d:	c9                   	leaveq 
  401d1e:	c3                   	retq   
  401d1f:	90                   	nop

0000000000401d20 <__libc_csu_init>:
  401d20:	41 57                	push   %r15
  401d22:	41 56                	push   %r14
  401d24:	41 89 ff             	mov    %edi,%r15d
  401d27:	41 55                	push   %r13
  401d29:	41 54                	push   %r12
  401d2b:	4c 8d 25 ce 10 20 00 	lea    0x2010ce(%rip),%r12        # 602e00 <__frame_dummy_init_array_entry>
  401d32:	55                   	push   %rbp
  401d33:	48 8d 2d ce 10 20 00 	lea    0x2010ce(%rip),%rbp        # 602e08 <__do_global_dtors_aux_fini_array_entry>
  401d3a:	53                   	push   %rbx
  401d3b:	49 89 f6             	mov    %rsi,%r14
  401d3e:	49 89 d5             	mov    %rdx,%r13
  401d41:	4c 29 e5             	sub    %r12,%rbp
  401d44:	48 83 ec 08          	sub    $0x8,%rsp
  401d48:	48 c1 fd 03          	sar    $0x3,%rbp
  401d4c:	e8 cf e9 ff ff       	callq  400720 <_init>
  401d51:	48 85 ed             	test   %rbp,%rbp
  401d54:	74 20                	je     401d76 <__libc_csu_init+0x56>
  401d56:	31 db                	xor    %ebx,%ebx
  401d58:	0f 1f 84 00 00 00 00 	nopl   0x0(%rax,%rax,1)
  401d5f:	00 
  401d60:	4c 89 ea             	mov    %r13,%rdx
  401d63:	4c 89 f6             	mov    %r14,%rsi
  401d66:	44 89 ff             	mov    %r15d,%edi
  401d69:	41 ff 14 dc          	callq  *(%r12,%rbx,8)
  401d6d:	48 83 c3 01          	add    $0x1,%rbx
  401d71:	48 39 dd             	cmp    %rbx,%rbp
  401d74:	75 ea                	jne    401d60 <__libc_csu_init+0x40>
  401d76:	48 83 c4 08          	add    $0x8,%rsp
  401d7a:	5b                   	pop    %rbx
  401d7b:	5d                   	pop    %rbp
  401d7c:	41 5c                	pop    %r12
  401d7e:	41 5d                	pop    %r13
  401d80:	41 5e                	pop    %r14
  401d82:	41 5f                	pop    %r15
  401d84:	c3                   	retq   
  401d85:	90                   	nop
  401d86:	66 2e 0f 1f 84 00 00 	nopw   %cs:0x0(%rax,%rax,1)
  401d8d:	00 00 00 

0000000000401d90 <__libc_csu_fini>:
  401d90:	f3 c3                	repz retq 

Disassembly of section .fini:

0000000000401d94 <_fini>:
  401d94:	48 83 ec 08          	sub    $0x8,%rsp
  401d98:	48 83 c4 08          	add    $0x8,%rsp
  401d9c:	c3                   	retq   
